
                      Design Compiler Graphical
                            DC Ultra (TM)
                             DFTMAX (TM)
                         Power Compiler (TM)
                           DesignWare (R)
                           DC Expert (TM)
                         Design Vision (TM)
                          HDL Compiler (TM)
                         VHDL Compiler (TM)
                            DFT Compiler
                        Library Compiler (TM)
                         Design Compiler(R)

          Version J-2014.09-SP2 for RHEL64 -- Nov 25, 2014
               Copyright (c) 1988-2014 Synopsys, Inc.

This software and the associated documentation are confidential and 
proprietary to Synopsys, Inc. Your use or disclosure of this software 
is subject to the terms and conditions of a written license agreement 
between you, or your company, and Synopsys, Inc.

Initializing...
#########################################
# TCL script for Design Compiler        #
# MS 2015                               #
#########################################
#########################################
# READ Design and Library               #
#########################################
set top_level softMax
softMax
source -verbose "../common_script/common.tcl"
. /tools4/syn2007.12/libraries/syn/
dw_foundation.sldb
* /tools2/courses/ee6321/share/ibm13rflpvt/synopsys/scx3_cmos8rf_lpvt_tt_1p2v_25c.db dw_foundation.sldb
/tools2/courses/ee6321/share/ibm13rflpvt/synopsys/scx3_cmos8rf_lpvt_tt_1p2v_25c.db
/tools2/courses/ee6321/share/ibm13rflpvt/synopsys/scx3_cmos8rf_lpvt_tt_1p2v_25c.db
read_verilog {../../NeuralNetwork/$top_level.v}
Loading db file '/tools2/courses/ee6321/share/ibm13rflpvt/synopsys/scx3_cmos8rf_lpvt_tt_1p2v_25c.db'
Loading db file '/usr/cad/syn/libraries/syn/dw_foundation.sldb'
Loading db file '/usr/cad/syn/libraries/syn/gtech.db'
Loading db file '/usr/cad/syn/libraries/syn/standard.sldb'
  Loading link library 'scx3_cmos8rf_lpvt_tt_1p2v_25c'
  Loading link library 'gtech'
Loading verilog file '/homes/user/stud/fall18/srd2162/Documents/Project/AdvancedLogicProject/rtl/NeuralNetwork/softMax.v'
Detecting input file type automatically (-rtl or -netlist).
Opening include file /homes/user/stud/fall18/srd2162/Documents/Project/AdvancedLogicProject/rtl/NeuralNetwork/GlobalVariables.v
Reading with Presto HDL Compiler (equivalent to -rtl option).
Running PRESTO HDLC
Compiling source file /homes/user/stud/fall18/srd2162/Documents/Project/AdvancedLogicProject/rtl/NeuralNetwork/softMax.v
Opening include file /homes/user/stud/fall18/srd2162/Documents/Project/AdvancedLogicProject/rtl/NeuralNetwork/GlobalVariables.v
Warning:  /homes/user/stud/fall18/srd2162/Documents/Project/AdvancedLogicProject/rtl/NeuralNetwork/softMax.v:18: A unnamed generate block with an LRM-defined name 'genblk1' is detected, which is incompatible with Verilog standard 2001 or 1995. (VER-944)
Warning:  /homes/user/stud/fall18/srd2162/Documents/Project/AdvancedLogicProject/rtl/NeuralNetwork/softMax.v:70: The construct 'declaration initial assignment' is not supported in synthesis; it is ignored. (VER-708)
Presto compilation completed successfully.
Current design is now '/homes/user/stud/fall18/srd2162/Documents/Project/AdvancedLogicProject/rtl/NeuralNetwork/softMax.db:softMax'
Loaded 3 designs.
Current design is 'softMax'.
softMax compare ABS
set set_fix_multiple_port_nets "true"
true
list_designs
ABS             compare         softMax (*)
1
if { [check_error -v] == 1 } { exit 1 }
#########################################
# Design Constranits                    #
#########################################
current_design $top_level
Current design is 'softMax'.
{softMax}
link

  Linking design 'softMax'
  Using the following designs and libraries:
  --------------------------------------------------------------------------
  * (3 designs)               /homes/user/stud/fall18/srd2162/Documents/Project/AdvancedLogicProject/rtl/NeuralNetwork/softMax.db, etc
  scx3_cmos8rf_lpvt_tt_1p2v_25c (library) /tools2/courses/ee6321/share/ibm13rflpvt/synopsys/scx3_cmos8rf_lpvt_tt_1p2v_25c.db
  dw_foundation.sldb (library) /usr/cad/syn/libraries/syn/dw_foundation.sldb

1
check_design
 
****************************************
check_design summary:
Version:     J-2014.09-SP2
Date:        Wed Dec 19 17:32:22 2018
****************************************

                   Name                                            Total
--------------------------------------------------------------------------------
Cells                                                              50
    Cells do not drive (LINT-1)                                     1
    Connected to power or ground (LINT-32)                         40
    Nets connected to multiple pins on same cell (LINT-33)          9

Nets                                                               10
    Unloaded nets (LINT-2)                                         10
--------------------------------------------------------------------------------

Warning: In design 'ABS', cell 'B_1' does not drive any nets. (LINT-1)
Warning: In design 'softMax', net 'E0[0]' driven by pin 'comp9/Out[0]' has no loads. (LINT-2)
Warning: In design 'softMax', net 'E0[1]' driven by pin 'comp9/Out[1]' has no loads. (LINT-2)
Warning: In design 'softMax', net 'E0[2]' driven by pin 'comp9/Out[2]' has no loads. (LINT-2)
Warning: In design 'softMax', net 'E0[3]' driven by pin 'comp9/Out[3]' has no loads. (LINT-2)
Warning: In design 'softMax', net 'E0[4]' driven by pin 'comp9/Out[4]' has no loads. (LINT-2)
Warning: In design 'softMax', net 'E0[5]' driven by pin 'comp9/Out[5]' has no loads. (LINT-2)
Warning: In design 'softMax', net 'E0[6]' driven by pin 'comp9/Out[6]' has no loads. (LINT-2)
Warning: In design 'softMax', net 'E0[7]' driven by pin 'comp9/Out[7]' has no loads. (LINT-2)
Warning: In design 'softMax', net 'E0[8]' driven by pin 'comp9/Out[8]' has no loads. (LINT-2)
Warning: In design 'softMax', net 'E0[9]' driven by pin 'comp9/Out[9]' has no loads. (LINT-2)
Warning: In design 'softMax', a pin on submodule 'comp1' is connected to logic 1 or logic 0. (LINT-32)
   Pin 'X[13]' is connected to logic 0. 
Warning: In design 'softMax', a pin on submodule 'comp1' is connected to logic 1 or logic 0. (LINT-32)
   Pin 'X[12]' is connected to logic 0. 
Warning: In design 'softMax', a pin on submodule 'comp1' is connected to logic 1 or logic 0. (LINT-32)
   Pin 'X[11]' is connected to logic 0. 
Warning: In design 'softMax', a pin on submodule 'comp1' is connected to logic 1 or logic 0. (LINT-32)
   Pin 'X[10]' is connected to logic 0. 
Warning: In design 'softMax', a pin on submodule 'comp1' is connected to logic 1 or logic 0. (LINT-32)
   Pin 'Y[13]' is connected to logic 0. 
Warning: In design 'softMax', a pin on submodule 'comp1' is connected to logic 1 or logic 0. (LINT-32)
   Pin 'Y[12]' is connected to logic 0. 
Warning: In design 'softMax', a pin on submodule 'comp1' is connected to logic 1 or logic 0. (LINT-32)
   Pin 'Y[11]' is connected to logic 0. 
Warning: In design 'softMax', a pin on submodule 'comp1' is connected to logic 1 or logic 0. (LINT-32)
   Pin 'Y[10]' is connected to logic 1. 
Warning: In design 'softMax', a pin on submodule 'comp2' is connected to logic 1 or logic 0. (LINT-32)
   Pin 'X[13]' is connected to logic 0. 
Warning: In design 'softMax', a pin on submodule 'comp2' is connected to logic 1 or logic 0. (LINT-32)
   Pin 'X[12]' is connected to logic 0. 
Warning: In design 'softMax', a pin on submodule 'comp2' is connected to logic 1 or logic 0. (LINT-32)
   Pin 'X[11]' is connected to logic 1. 
Warning: In design 'softMax', a pin on submodule 'comp2' is connected to logic 1 or logic 0. (LINT-32)
   Pin 'X[10]' is connected to logic 0. 
Warning: In design 'softMax', a pin on submodule 'comp2' is connected to logic 1 or logic 0. (LINT-32)
   Pin 'Y[13]' is connected to logic 0. 
Warning: In design 'softMax', a pin on submodule 'comp2' is connected to logic 1 or logic 0. (LINT-32)
   Pin 'Y[12]' is connected to logic 0. 
Warning: In design 'softMax', a pin on submodule 'comp2' is connected to logic 1 or logic 0. (LINT-32)
   Pin 'Y[11]' is connected to logic 1. 
Warning: In design 'softMax', a pin on submodule 'comp2' is connected to logic 1 or logic 0. (LINT-32)
   Pin 'Y[10]' is connected to logic 1. 
Warning: In design 'softMax', a pin on submodule 'comp3' is connected to logic 1 or logic 0. (LINT-32)
   Pin 'X[13]' is connected to logic 0. 
Warning: In design 'softMax', a pin on submodule 'comp3' is connected to logic 1 or logic 0. (LINT-32)
   Pin 'X[12]' is connected to logic 1. 
Warning: In design 'softMax', a pin on submodule 'comp3' is connected to logic 1 or logic 0. (LINT-32)
   Pin 'X[11]' is connected to logic 0. 
Warning: In design 'softMax', a pin on submodule 'comp3' is connected to logic 1 or logic 0. (LINT-32)
   Pin 'X[10]' is connected to logic 0. 
Warning: In design 'softMax', a pin on submodule 'comp3' is connected to logic 1 or logic 0. (LINT-32)
   Pin 'Y[13]' is connected to logic 0. 
Warning: In design 'softMax', a pin on submodule 'comp3' is connected to logic 1 or logic 0. (LINT-32)
   Pin 'Y[12]' is connected to logic 1. 
Warning: In design 'softMax', a pin on submodule 'comp3' is connected to logic 1 or logic 0. (LINT-32)
   Pin 'Y[11]' is connected to logic 0. 
Warning: In design 'softMax', a pin on submodule 'comp3' is connected to logic 1 or logic 0. (LINT-32)
   Pin 'Y[10]' is connected to logic 1. 
Warning: In design 'softMax', a pin on submodule 'comp4' is connected to logic 1 or logic 0. (LINT-32)
   Pin 'X[13]' is connected to logic 0. 
Warning: In design 'softMax', a pin on submodule 'comp4' is connected to logic 1 or logic 0. (LINT-32)
   Pin 'X[12]' is connected to logic 1. 
Warning: In design 'softMax', a pin on submodule 'comp4' is connected to logic 1 or logic 0. (LINT-32)
   Pin 'X[11]' is connected to logic 1. 
Warning: In design 'softMax', a pin on submodule 'comp4' is connected to logic 1 or logic 0. (LINT-32)
   Pin 'X[10]' is connected to logic 0. 
Warning: In design 'softMax', a pin on submodule 'comp4' is connected to logic 1 or logic 0. (LINT-32)
   Pin 'Y[13]' is connected to logic 0. 
Warning: In design 'softMax', a pin on submodule 'comp4' is connected to logic 1 or logic 0. (LINT-32)
   Pin 'Y[12]' is connected to logic 1. 
Warning: In design 'softMax', a pin on submodule 'comp4' is connected to logic 1 or logic 0. (LINT-32)
   Pin 'Y[11]' is connected to logic 1. 
Warning: In design 'softMax', a pin on submodule 'comp4' is connected to logic 1 or logic 0. (LINT-32)
   Pin 'Y[10]' is connected to logic 1. 
Warning: In design 'softMax', a pin on submodule 'comp5' is connected to logic 1 or logic 0. (LINT-32)
   Pin 'X[13]' is connected to logic 1. 
Warning: In design 'softMax', a pin on submodule 'comp5' is connected to logic 1 or logic 0. (LINT-32)
   Pin 'X[12]' is connected to logic 0. 
Warning: In design 'softMax', a pin on submodule 'comp5' is connected to logic 1 or logic 0. (LINT-32)
   Pin 'X[11]' is connected to logic 0. 
Warning: In design 'softMax', a pin on submodule 'comp5' is connected to logic 1 or logic 0. (LINT-32)
   Pin 'X[10]' is connected to logic 0. 
Warning: In design 'softMax', a pin on submodule 'comp5' is connected to logic 1 or logic 0. (LINT-32)
   Pin 'Y[13]' is connected to logic 1. 
Warning: In design 'softMax', a pin on submodule 'comp5' is connected to logic 1 or logic 0. (LINT-32)
   Pin 'Y[12]' is connected to logic 0. 
Warning: In design 'softMax', a pin on submodule 'comp5' is connected to logic 1 or logic 0. (LINT-32)
   Pin 'Y[11]' is connected to logic 0. 
Warning: In design 'softMax', a pin on submodule 'comp5' is connected to logic 1 or logic 0. (LINT-32)
   Pin 'Y[10]' is connected to logic 1. 
Warning: In design 'softMax', the same net is connected to more than one pin on submodule 'comp1'. (LINT-33)
   Net '*Logic0*' is connected to pins 'X[13]', 'X[12]'', 'X[11]', 'X[10]', 'Y[13]', 'Y[12]', 'Y[11]'.
Warning: In design 'softMax', the same net is connected to more than one pin on submodule 'comp2'. (LINT-33)
   Net '*Logic0*' is connected to pins 'X[13]', 'X[12]'', 'X[10]', 'Y[13]', 'Y[12]'.
Warning: In design 'softMax', the same net is connected to more than one pin on submodule 'comp2'. (LINT-33)
   Net '*Logic1*' is connected to pins 'X[11]', 'Y[11]'', 'Y[10]'.
Warning: In design 'softMax', the same net is connected to more than one pin on submodule 'comp3'. (LINT-33)
   Net '*Logic0*' is connected to pins 'X[13]', 'X[11]'', 'X[10]', 'Y[13]', 'Y[11]'.
Warning: In design 'softMax', the same net is connected to more than one pin on submodule 'comp3'. (LINT-33)
   Net '*Logic1*' is connected to pins 'X[12]', 'Y[12]'', 'Y[10]'.
Warning: In design 'softMax', the same net is connected to more than one pin on submodule 'comp4'. (LINT-33)
   Net '*Logic0*' is connected to pins 'X[13]', 'X[10]'', 'Y[13]'.
Warning: In design 'softMax', the same net is connected to more than one pin on submodule 'comp4'. (LINT-33)
   Net '*Logic1*' is connected to pins 'X[12]', 'X[11]'', 'Y[12]', 'Y[11]', 'Y[10]'.
Warning: In design 'softMax', the same net is connected to more than one pin on submodule 'comp5'. (LINT-33)
   Net '*Logic1*' is connected to pins 'X[13]', 'Y[13]'', 'Y[10]'.
Warning: In design 'softMax', the same net is connected to more than one pin on submodule 'comp5'. (LINT-33)
   Net '*Logic0*' is connected to pins 'X[12]', 'X[11]'', 'X[10]', 'Y[12]', 'Y[11]'.
1
source -verbose "./timing.tcl"
1.00
0
0.010
0.05
0.05
0.005
Warning: Can't find port 'clk' in design 'softMax'. (UID-95)
Error: can't read "clk_name": no such variable
	Use error_info for more info. (CMD-013)
Error: can't read "clk_name": no such variable
	Use error_info for more info. (CMD-013)
Error: Value for list '<clock_list>' must have 1 elements. (CMD-036)
0
Error: can't read "clk_port": no such variable
	Use error_info for more info. (CMD-013)
Error: can't read "clk_port": no such variable
	Use error_info for more info. (CMD-013)
Warning: Design rule attributes from the driving cell will be
	set on the port. (UID-401)
Warning: Design rule attributes from the driving cell will be
	set on the port. (UID-401)
Warning: Design rule attributes from the driving cell will be
	set on the port. (UID-401)
Warning: Design rule attributes from the driving cell will be
	set on the port. (UID-401)
Warning: Design rule attributes from the driving cell will be
	set on the port. (UID-401)
Warning: Design rule attributes from the driving cell will be
	set on the port. (UID-401)
Warning: Design rule attributes from the driving cell will be
	set on the port. (UID-401)
Warning: Design rule attributes from the driving cell will be
	set on the port. (UID-401)
Warning: Design rule attributes from the driving cell will be
	set on the port. (UID-401)
Warning: Design rule attributes from the driving cell will be
	set on the port. (UID-401)
Warning: Design rule attributes from the driving cell will be
	set on the port. (UID-401)
Warning: Design rule attributes from the driving cell will be
	set on the port. (UID-401)
Warning: Design rule attributes from the driving cell will be
	set on the port. (UID-401)
Warning: Design rule attributes from the driving cell will be
	set on the port. (UID-401)
Warning: Design rule attributes from the driving cell will be
	set on the port. (UID-401)
Warning: Design rule attributes from the driving cell will be
	set on the port. (UID-401)
Warning: Design rule attributes from the driving cell will be
	set on the port. (UID-401)
Warning: Design rule attributes from the driving cell will be
	set on the port. (UID-401)
Warning: Design rule attributes from the driving cell will be
	set on the port. (UID-401)
Warning: Design rule attributes from the driving cell will be
	set on the port. (UID-401)
Warning: Design rule attributes from the driving cell will be
	set on the port. (UID-401)
Warning: Design rule attributes from the driving cell will be
	set on the port. (UID-401)
Warning: Design rule attributes from the driving cell will be
	set on the port. (UID-401)
Warning: Design rule attributes from the driving cell will be
	set on the port. (UID-401)
Warning: Design rule attributes from the driving cell will be
	set on the port. (UID-401)
Warning: Design rule attributes from the driving cell will be
	set on the port. (UID-401)
Warning: Design rule attributes from the driving cell will be
	set on the port. (UID-401)
Warning: Design rule attributes from the driving cell will be
	set on the port. (UID-401)
Warning: Design rule attributes from the driving cell will be
	set on the port. (UID-401)
Warning: Design rule attributes from the driving cell will be
	set on the port. (UID-401)
Warning: Design rule attributes from the driving cell will be
	set on the port. (UID-401)
Warning: Design rule attributes from the driving cell will be
	set on the port. (UID-401)
Warning: Design rule attributes from the driving cell will be
	set on the port. (UID-401)
Warning: Design rule attributes from the driving cell will be
	set on the port. (UID-401)
Warning: Design rule attributes from the driving cell will be
	set on the port. (UID-401)
Warning: Design rule attributes from the driving cell will be
	set on the port. (UID-401)
Warning: Design rule attributes from the driving cell will be
	set on the port. (UID-401)
Warning: Design rule attributes from the driving cell will be
	set on the port. (UID-401)
Warning: Design rule attributes from the driving cell will be
	set on the port. (UID-401)
Warning: Design rule attributes from the driving cell will be
	set on the port. (UID-401)
Warning: Design rule attributes from the driving cell will be
	set on the port. (UID-401)
Warning: Design rule attributes from the driving cell will be
	set on the port. (UID-401)
Warning: Design rule attributes from the driving cell will be
	set on the port. (UID-401)
Warning: Design rule attributes from the driving cell will be
	set on the port. (UID-401)
Warning: Design rule attributes from the driving cell will be
	set on the port. (UID-401)
Warning: Design rule attributes from the driving cell will be
	set on the port. (UID-401)
Warning: Design rule attributes from the driving cell will be
	set on the port. (UID-401)
Warning: Design rule attributes from the driving cell will be
	set on the port. (UID-401)
Warning: Design rule attributes from the driving cell will be
	set on the port. (UID-401)
Warning: Design rule attributes from the driving cell will be
	set on the port. (UID-401)
Warning: Design rule attributes from the driving cell will be
	set on the port. (UID-401)
Warning: Design rule attributes from the driving cell will be
	set on the port. (UID-401)
Warning: Design rule attributes from the driving cell will be
	set on the port. (UID-401)
Warning: Design rule attributes from the driving cell will be
	set on the port. (UID-401)
Warning: Design rule attributes from the driving cell will be
	set on the port. (UID-401)
Warning: Design rule attributes from the driving cell will be
	set on the port. (UID-401)
Warning: Design rule attributes from the driving cell will be
	set on the port. (UID-401)
Warning: Design rule attributes from the driving cell will be
	set on the port. (UID-401)
Warning: Design rule attributes from the driving cell will be
	set on the port. (UID-401)
Warning: Design rule attributes from the driving cell will be
	set on the port. (UID-401)
Warning: Design rule attributes from the driving cell will be
	set on the port. (UID-401)
Warning: Design rule attributes from the driving cell will be
	set on the port. (UID-401)
Warning: Design rule attributes from the driving cell will be
	set on the port. (UID-401)
Warning: Design rule attributes from the driving cell will be
	set on the port. (UID-401)
Warning: Design rule attributes from the driving cell will be
	set on the port. (UID-401)
Warning: Design rule attributes from the driving cell will be
	set on the port. (UID-401)
Warning: Design rule attributes from the driving cell will be
	set on the port. (UID-401)
Warning: Design rule attributes from the driving cell will be
	set on the port. (UID-401)
Warning: Design rule attributes from the driving cell will be
	set on the port. (UID-401)
Warning: Design rule attributes from the driving cell will be
	set on the port. (UID-401)
Warning: Design rule attributes from the driving cell will be
	set on the port. (UID-401)
Warning: Design rule attributes from the driving cell will be
	set on the port. (UID-401)
Warning: Design rule attributes from the driving cell will be
	set on the port. (UID-401)
Warning: Design rule attributes from the driving cell will be
	set on the port. (UID-401)
Warning: Design rule attributes from the driving cell will be
	set on the port. (UID-401)
Warning: Design rule attributes from the driving cell will be
	set on the port. (UID-401)
Warning: Design rule attributes from the driving cell will be
	set on the port. (UID-401)
Warning: Design rule attributes from the driving cell will be
	set on the port. (UID-401)
Warning: Design rule attributes from the driving cell will be
	set on the port. (UID-401)
Warning: Design rule attributes from the driving cell will be
	set on the port. (UID-401)
Warning: Design rule attributes from the driving cell will be
	set on the port. (UID-401)
Warning: Design rule attributes from the driving cell will be
	set on the port. (UID-401)
Warning: Design rule attributes from the driving cell will be
	set on the port. (UID-401)
Warning: Design rule attributes from the driving cell will be
	set on the port. (UID-401)
Warning: Design rule attributes from the driving cell will be
	set on the port. (UID-401)
Warning: Design rule attributes from the driving cell will be
	set on the port. (UID-401)
Warning: Design rule attributes from the driving cell will be
	set on the port. (UID-401)
Warning: Design rule attributes from the driving cell will be
	set on the port. (UID-401)
Warning: Design rule attributes from the driving cell will be
	set on the port. (UID-401)
Warning: Design rule attributes from the driving cell will be
	set on the port. (UID-401)
Warning: Design rule attributes from the driving cell will be
	set on the port. (UID-401)
Warning: Design rule attributes from the driving cell will be
	set on the port. (UID-401)
Warning: Design rule attributes from the driving cell will be
	set on the port. (UID-401)
Warning: Design rule attributes from the driving cell will be
	set on the port. (UID-401)
Warning: Design rule attributes from the driving cell will be
	set on the port. (UID-401)
Warning: Design rule attributes from the driving cell will be
	set on the port. (UID-401)
Warning: Design rule attributes from the driving cell will be
	set on the port. (UID-401)
Warning: Design rule attributes from the driving cell will be
	set on the port. (UID-401)
Warning: Design rule attributes from the driving cell will be
	set on the port. (UID-401)
Warning: Design rule attributes from the driving cell will be
	set on the port. (UID-401)
1
Error: can't read "clk_name": no such variable
	Use error_info for more info. (CMD-013)
Error: can't read "clk_name": no such variable
	Use error_info for more info. (CMD-013)
Error: can't read "clk_name": no such variable
	Use error_info for more info. (CMD-013)
1
1
set_max_capacitance 0.005 [all_inputs]
1
set_max_fanout 4 $top_level
1
set_max_fanout 4 [all_inputs]
1
set_max_area 0 
1
set_fix_multiple_port_nets -all -buffer_constants
1
#########################################
# Compile                               #
#########################################
check_design
 
****************************************
check_design summary:
Version:     J-2014.09-SP2
Date:        Wed Dec 19 17:32:22 2018
****************************************

                   Name                                            Total
--------------------------------------------------------------------------------
Cells                                                              50
    Cells do not drive (LINT-1)                                     1
    Connected to power or ground (LINT-32)                         40
    Nets connected to multiple pins on same cell (LINT-33)          9

Nets                                                               10
    Unloaded nets (LINT-2)                                         10
--------------------------------------------------------------------------------

Warning: In design 'ABS', cell 'B_1' does not drive any nets. (LINT-1)
Warning: In design 'softMax', net 'E0[0]' driven by pin 'comp9/Out[0]' has no loads. (LINT-2)
Warning: In design 'softMax', net 'E0[1]' driven by pin 'comp9/Out[1]' has no loads. (LINT-2)
Warning: In design 'softMax', net 'E0[2]' driven by pin 'comp9/Out[2]' has no loads. (LINT-2)
Warning: In design 'softMax', net 'E0[3]' driven by pin 'comp9/Out[3]' has no loads. (LINT-2)
Warning: In design 'softMax', net 'E0[4]' driven by pin 'comp9/Out[4]' has no loads. (LINT-2)
Warning: In design 'softMax', net 'E0[5]' driven by pin 'comp9/Out[5]' has no loads. (LINT-2)
Warning: In design 'softMax', net 'E0[6]' driven by pin 'comp9/Out[6]' has no loads. (LINT-2)
Warning: In design 'softMax', net 'E0[7]' driven by pin 'comp9/Out[7]' has no loads. (LINT-2)
Warning: In design 'softMax', net 'E0[8]' driven by pin 'comp9/Out[8]' has no loads. (LINT-2)
Warning: In design 'softMax', net 'E0[9]' driven by pin 'comp9/Out[9]' has no loads. (LINT-2)
Warning: In design 'softMax', a pin on submodule 'comp1' is connected to logic 1 or logic 0. (LINT-32)
   Pin 'X[13]' is connected to logic 0. 
Warning: In design 'softMax', a pin on submodule 'comp1' is connected to logic 1 or logic 0. (LINT-32)
   Pin 'X[12]' is connected to logic 0. 
Warning: In design 'softMax', a pin on submodule 'comp1' is connected to logic 1 or logic 0. (LINT-32)
   Pin 'X[11]' is connected to logic 0. 
Warning: In design 'softMax', a pin on submodule 'comp1' is connected to logic 1 or logic 0. (LINT-32)
   Pin 'X[10]' is connected to logic 0. 
Warning: In design 'softMax', a pin on submodule 'comp1' is connected to logic 1 or logic 0. (LINT-32)
   Pin 'Y[13]' is connected to logic 0. 
Warning: In design 'softMax', a pin on submodule 'comp1' is connected to logic 1 or logic 0. (LINT-32)
   Pin 'Y[12]' is connected to logic 0. 
Warning: In design 'softMax', a pin on submodule 'comp1' is connected to logic 1 or logic 0. (LINT-32)
   Pin 'Y[11]' is connected to logic 0. 
Warning: In design 'softMax', a pin on submodule 'comp1' is connected to logic 1 or logic 0. (LINT-32)
   Pin 'Y[10]' is connected to logic 1. 
Warning: In design 'softMax', a pin on submodule 'comp2' is connected to logic 1 or logic 0. (LINT-32)
   Pin 'X[13]' is connected to logic 0. 
Warning: In design 'softMax', a pin on submodule 'comp2' is connected to logic 1 or logic 0. (LINT-32)
   Pin 'X[12]' is connected to logic 0. 
Warning: In design 'softMax', a pin on submodule 'comp2' is connected to logic 1 or logic 0. (LINT-32)
   Pin 'X[11]' is connected to logic 1. 
Warning: In design 'softMax', a pin on submodule 'comp2' is connected to logic 1 or logic 0. (LINT-32)
   Pin 'X[10]' is connected to logic 0. 
Warning: In design 'softMax', a pin on submodule 'comp2' is connected to logic 1 or logic 0. (LINT-32)
   Pin 'Y[13]' is connected to logic 0. 
Warning: In design 'softMax', a pin on submodule 'comp2' is connected to logic 1 or logic 0. (LINT-32)
   Pin 'Y[12]' is connected to logic 0. 
Warning: In design 'softMax', a pin on submodule 'comp2' is connected to logic 1 or logic 0. (LINT-32)
   Pin 'Y[11]' is connected to logic 1. 
Warning: In design 'softMax', a pin on submodule 'comp2' is connected to logic 1 or logic 0. (LINT-32)
   Pin 'Y[10]' is connected to logic 1. 
Warning: In design 'softMax', a pin on submodule 'comp3' is connected to logic 1 or logic 0. (LINT-32)
   Pin 'X[13]' is connected to logic 0. 
Warning: In design 'softMax', a pin on submodule 'comp3' is connected to logic 1 or logic 0. (LINT-32)
   Pin 'X[12]' is connected to logic 1. 
Warning: In design 'softMax', a pin on submodule 'comp3' is connected to logic 1 or logic 0. (LINT-32)
   Pin 'X[11]' is connected to logic 0. 
Warning: In design 'softMax', a pin on submodule 'comp3' is connected to logic 1 or logic 0. (LINT-32)
   Pin 'X[10]' is connected to logic 0. 
Warning: In design 'softMax', a pin on submodule 'comp3' is connected to logic 1 or logic 0. (LINT-32)
   Pin 'Y[13]' is connected to logic 0. 
Warning: In design 'softMax', a pin on submodule 'comp3' is connected to logic 1 or logic 0. (LINT-32)
   Pin 'Y[12]' is connected to logic 1. 
Warning: In design 'softMax', a pin on submodule 'comp3' is connected to logic 1 or logic 0. (LINT-32)
   Pin 'Y[11]' is connected to logic 0. 
Warning: In design 'softMax', a pin on submodule 'comp3' is connected to logic 1 or logic 0. (LINT-32)
   Pin 'Y[10]' is connected to logic 1. 
Warning: In design 'softMax', a pin on submodule 'comp4' is connected to logic 1 or logic 0. (LINT-32)
   Pin 'X[13]' is connected to logic 0. 
Warning: In design 'softMax', a pin on submodule 'comp4' is connected to logic 1 or logic 0. (LINT-32)
   Pin 'X[12]' is connected to logic 1. 
Warning: In design 'softMax', a pin on submodule 'comp4' is connected to logic 1 or logic 0. (LINT-32)
   Pin 'X[11]' is connected to logic 1. 
Warning: In design 'softMax', a pin on submodule 'comp4' is connected to logic 1 or logic 0. (LINT-32)
   Pin 'X[10]' is connected to logic 0. 
Warning: In design 'softMax', a pin on submodule 'comp4' is connected to logic 1 or logic 0. (LINT-32)
   Pin 'Y[13]' is connected to logic 0. 
Warning: In design 'softMax', a pin on submodule 'comp4' is connected to logic 1 or logic 0. (LINT-32)
   Pin 'Y[12]' is connected to logic 1. 
Warning: In design 'softMax', a pin on submodule 'comp4' is connected to logic 1 or logic 0. (LINT-32)
   Pin 'Y[11]' is connected to logic 1. 
Warning: In design 'softMax', a pin on submodule 'comp4' is connected to logic 1 or logic 0. (LINT-32)
   Pin 'Y[10]' is connected to logic 1. 
Warning: In design 'softMax', a pin on submodule 'comp5' is connected to logic 1 or logic 0. (LINT-32)
   Pin 'X[13]' is connected to logic 1. 
Warning: In design 'softMax', a pin on submodule 'comp5' is connected to logic 1 or logic 0. (LINT-32)
   Pin 'X[12]' is connected to logic 0. 
Warning: In design 'softMax', a pin on submodule 'comp5' is connected to logic 1 or logic 0. (LINT-32)
   Pin 'X[11]' is connected to logic 0. 
Warning: In design 'softMax', a pin on submodule 'comp5' is connected to logic 1 or logic 0. (LINT-32)
   Pin 'X[10]' is connected to logic 0. 
Warning: In design 'softMax', a pin on submodule 'comp5' is connected to logic 1 or logic 0. (LINT-32)
   Pin 'Y[13]' is connected to logic 1. 
Warning: In design 'softMax', a pin on submodule 'comp5' is connected to logic 1 or logic 0. (LINT-32)
   Pin 'Y[12]' is connected to logic 0. 
Warning: In design 'softMax', a pin on submodule 'comp5' is connected to logic 1 or logic 0. (LINT-32)
   Pin 'Y[11]' is connected to logic 0. 
Warning: In design 'softMax', a pin on submodule 'comp5' is connected to logic 1 or logic 0. (LINT-32)
   Pin 'Y[10]' is connected to logic 1. 
Warning: In design 'softMax', the same net is connected to more than one pin on submodule 'comp1'. (LINT-33)
   Net '*Logic0*' is connected to pins 'X[13]', 'X[12]'', 'X[11]', 'X[10]', 'Y[13]', 'Y[12]', 'Y[11]'.
Warning: In design 'softMax', the same net is connected to more than one pin on submodule 'comp2'. (LINT-33)
   Net '*Logic0*' is connected to pins 'X[13]', 'X[12]'', 'X[10]', 'Y[13]', 'Y[12]'.
Warning: In design 'softMax', the same net is connected to more than one pin on submodule 'comp2'. (LINT-33)
   Net '*Logic1*' is connected to pins 'X[11]', 'Y[11]'', 'Y[10]'.
Warning: In design 'softMax', the same net is connected to more than one pin on submodule 'comp3'. (LINT-33)
   Net '*Logic0*' is connected to pins 'X[13]', 'X[11]'', 'X[10]', 'Y[13]', 'Y[11]'.
Warning: In design 'softMax', the same net is connected to more than one pin on submodule 'comp3'. (LINT-33)
   Net '*Logic1*' is connected to pins 'X[12]', 'Y[12]'', 'Y[10]'.
Warning: In design 'softMax', the same net is connected to more than one pin on submodule 'comp4'. (LINT-33)
   Net '*Logic0*' is connected to pins 'X[13]', 'X[10]'', 'Y[13]'.
Warning: In design 'softMax', the same net is connected to more than one pin on submodule 'comp4'. (LINT-33)
   Net '*Logic1*' is connected to pins 'X[12]', 'X[11]'', 'Y[12]', 'Y[11]', 'Y[10]'.
Warning: In design 'softMax', the same net is connected to more than one pin on submodule 'comp5'. (LINT-33)
   Net '*Logic1*' is connected to pins 'X[13]', 'Y[13]'', 'Y[10]'.
Warning: In design 'softMax', the same net is connected to more than one pin on submodule 'comp5'. (LINT-33)
   Net '*Logic0*' is connected to pins 'X[12]', 'X[11]'', 'X[10]', 'Y[12]', 'Y[11]'.
1
#uniquify
current_design $top_level
Current design is 'softMax'.
{softMax}
link

  Linking design 'softMax'
  Using the following designs and libraries:
  --------------------------------------------------------------------------
  * (3 designs)               /homes/user/stud/fall18/srd2162/Documents/Project/AdvancedLogicProject/rtl/NeuralNetwork/softMax.db, etc
  scx3_cmos8rf_lpvt_tt_1p2v_25c (library)
                              /tools2/courses/ee6321/share/ibm13rflpvt/synopsys/scx3_cmos8rf_lpvt_tt_1p2v_25c.db
  dw_foundation.sldb (library)
                              /usr/cad/syn/libraries/syn/dw_foundation.sldb

1
compile_ultra
Information: Performing power optimization. (PWR-850)
Analyzing: "/tools2/courses/ee6321/share/ibm13rflpvt/synopsys/scx3_cmos8rf_lpvt_tt_1p2v_25c.db"
Library analysis succeeded.
Information: Evaluating DesignWare library utilization. (UISN-27)

============================================================================
| DesignWare Building Block Library  |         Version         | Available |
============================================================================
| Basic DW Building Blocks           | J-2014.09-DWBB_201409.2 |     *     |
| Licensed DW Building Blocks        | J-2014.09-DWBB_201409.2 |     *     |
============================================================================

Information: Sequential output inversion is enabled.  SVF file must be used for formal verification. (OPT-1208)

Information: There are 60 potential problems in your design. Please run 'check_design' for more information. (LINT-99)


Loaded alib file './alib-52/scx3_cmos8rf_lpvt_tt_1p2v_25c.db.alib'
Information: Ungrouping hierarchy genblk1[0].abs before Pass 1 (OPT-776)
Information: Ungrouping hierarchy genblk1[1].abs before Pass 1 (OPT-776)
Information: Ungrouping hierarchy genblk1[2].abs before Pass 1 (OPT-776)
Information: Ungrouping hierarchy genblk1[3].abs before Pass 1 (OPT-776)
Information: Ungrouping hierarchy genblk1[4].abs before Pass 1 (OPT-776)
Information: Ungrouping hierarchy genblk1[5].abs before Pass 1 (OPT-776)
Information: Ungrouping hierarchy genblk1[6].abs before Pass 1 (OPT-776)
Information: Ungrouping hierarchy genblk1[7].abs before Pass 1 (OPT-776)
Information: Ungrouping hierarchy genblk1[8].abs before Pass 1 (OPT-776)
Information: Ungrouping hierarchy genblk1[9].abs before Pass 1 (OPT-776)
Information: Ungrouping hierarchy comp1 before Pass 1 (OPT-776)
Information: Ungrouping hierarchy comp2 before Pass 1 (OPT-776)
Information: Ungrouping hierarchy comp3 before Pass 1 (OPT-776)
Information: Ungrouping hierarchy comp4 before Pass 1 (OPT-776)
Information: Ungrouping hierarchy comp5 before Pass 1 (OPT-776)
Information: Ungrouping hierarchy comp6 before Pass 1 (OPT-776)
Information: Ungrouping hierarchy comp7 before Pass 1 (OPT-776)
Information: Ungrouping hierarchy comp8 before Pass 1 (OPT-776)
Information: Ungrouping hierarchy comp9 before Pass 1 (OPT-776)
Information: Ungrouping 19 of 20 hierarchies before Pass 1 (OPT-775)
Information: State dependent leakage is now switched from on to off.

  Beginning Pass 1 Mapping
  ------------------------
  Processing 'softMax'
 Implement Synthetic for 'softMax'.
Information: Added key list 'DesignWare' to design 'softMax'. (DDB-72)

  Updating timing information
Information: Updating design information... (UID-85)
Information: The library cell 'HOLDX1TS' in the library 'scx3_cmos8rf_lpvt_tt_1p2v_25c' is not characterized for internal power. (PWR-536)
Information: The target library(s) contains cell(s), other than black boxes, that are not characterized for internal power. (PWR-24)

  Beginning Mapping Optimizations  (Ultra High effort)
  -------------------------------

                                  TOTAL                                                
   ELAPSED            WORST NEG   SETUP    DESIGN                              LEAKAGE 
    TIME      AREA      SLACK     COST    RULE COST         ENDPOINT            POWER  
  --------- --------- --------- --------- --------- ------------------------- ---------
    0:00:04    4394.9      0.00       0.0     121.3                           4430.7222
    0:00:04    4394.9      0.00       0.0     121.3                           4430.7222
    0:00:04    4394.9      0.00       0.0     121.3                           4430.7222
    0:00:05    4394.9      0.00       0.0     121.3                           4430.7222
  Re-synthesis Optimization (Phase 1)
  Re-synthesis Optimization (Phase 2)
  Global Optimization (Phase 1)
  Global Optimization (Phase 2)
  Global Optimization (Phase 3)
  Global Optimization (Phase 4)
  Global Optimization (Phase 5)
  Global Optimization (Phase 6)
  Global Optimization (Phase 7)
  Global Optimization (Phase 8)
  Global Optimization (Phase 9)
  Global Optimization (Phase 10)
  Global Optimization (Phase 11)
  Global Optimization (Phase 12)
  Global Optimization (Phase 13)
  Global Optimization (Phase 14)
  Global Optimization (Phase 15)
  Global Optimization (Phase 16)
  Global Optimization (Phase 17)
  Global Optimization (Phase 18)
  Global Optimization (Phase 19)
  Global Optimization (Phase 20)
  Global Optimization (Phase 21)
  Global Optimization (Phase 22)
  Global Optimization (Phase 23)
  Global Optimization (Phase 24)
  Global Optimization (Phase 25)
  Global Optimization (Phase 26)
  Global Optimization (Phase 27)
  Global Optimization (Phase 28)



  Beginning Delay Optimization Phase
  ----------------------------------

                                  TOTAL                                                
   ELAPSED            WORST NEG   SETUP    DESIGN                              LEAKAGE 
    TIME      AREA      SLACK     COST    RULE COST         ENDPOINT            POWER  
  --------- --------- --------- --------- --------- ------------------------- ---------
    0:00:05    4394.9      0.00       0.0     121.2                           4407.5044
    0:00:05    4394.9      0.00       0.0     121.2                           4407.5044
    0:00:05    4394.9      0.00       0.0     121.2                           4407.5044
    0:00:05    4394.9      0.00       0.0     121.2                           4407.5044
    0:00:05    4394.9      0.00       0.0     121.2                           4407.5044
    0:00:05    4394.9      0.00       0.0     121.2                           4407.5044
    0:00:05    4394.9      0.00       0.0     121.2                           4407.5044
    0:00:05    4394.9      0.00       0.0     121.2                           4407.5044
    0:00:05    4394.9      0.00       0.0     121.2                           4407.5044
    0:00:05    4394.9      0.00       0.0     121.2                           4407.5044
    0:00:05    4394.9      0.00       0.0     121.2                           4407.5044

  Beginning Delay Optimization
  ----------------------------
    0:00:05    4394.9      0.00       0.0     121.2                           4407.5044
    0:00:05    4394.9      0.00       0.0     121.2                           4407.5044
    0:00:05    4394.9      0.00       0.0     121.2                           4407.5044
    0:00:05    4394.9      0.00       0.0     121.2                           4407.5044
    0:00:05    4394.9      0.00       0.0     121.2                           4407.5044
    0:00:05    4394.9      0.00       0.0     121.2                           4407.5044
    0:00:05    4394.9      0.00       0.0     121.2                           4407.5044
    0:00:05    4394.9      0.00       0.0     121.2                           4407.5044


  Beginning Design Rule Fixing  (max_transition)  (max_fanout)  (max_capacitance)
  ----------------------------

                                  TOTAL                                                
   ELAPSED            WORST NEG   SETUP    DESIGN                              LEAKAGE 
    TIME      AREA      SLACK     COST    RULE COST         ENDPOINT            POWER  
  --------- --------- --------- --------- --------- ------------------------- ---------
    0:00:05    4394.9      0.00       0.0     121.2                           4407.5044
  Global Optimization (Phase 29)
  Global Optimization (Phase 30)
  Global Optimization (Phase 31)
    0:00:05    5303.5      0.00       0.0       0.0                           5022.4126
    0:00:05    5303.5      0.00       0.0       0.0                           5022.4126

                                  TOTAL                                                
   ELAPSED            WORST NEG   SETUP    DESIGN                              LEAKAGE 
    TIME      AREA      SLACK     COST    RULE COST         ENDPOINT            POWER  
  --------- --------- --------- --------- --------- ------------------------- ---------
    0:00:05    5303.5      0.00       0.0       0.0                           5022.4126
    0:00:05    5303.5      0.00       0.0       0.0                           5022.4126


  Beginning Leakage Power Optimization  (max_leakage_power 0)
  ------------------------------------

                                  TOTAL                                                
   ELAPSED            WORST NEG   SETUP    DESIGN                              LEAKAGE 
    TIME      AREA      SLACK     COST    RULE COST         ENDPOINT            POWER  
  --------- --------- --------- --------- --------- ------------------------- ---------
    0:00:05    5277.6      0.00       0.0       0.0                           5009.2104
  Global Optimization (Phase 32)
  Global Optimization (Phase 33)
  Global Optimization (Phase 34)
  Global Optimization (Phase 35)
  Global Optimization (Phase 36)
  Global Optimization (Phase 37)
  Global Optimization (Phase 38)
  Global Optimization (Phase 39)
  Global Optimization (Phase 40)
  Global Optimization (Phase 41)
  Global Optimization (Phase 42)
  Global Optimization (Phase 43)
  Global Optimization (Phase 44)
  Global Optimization (Phase 45)
    0:00:06    5091.8      0.00       0.0       0.0                           4793.7949
    0:00:06    5091.8      0.00       0.0       0.0                           4793.7949
    0:00:06    5091.8      0.00       0.0       0.0                           4793.7949
    0:00:06    5091.8      0.00       0.0       0.0                           4793.7949
    0:00:06    5091.8      0.00       0.0       0.0                           4793.7949
    0:00:06    5091.8      0.00       0.0       0.0                           4793.7949
    0:00:06    5091.8      0.00       0.0       0.0                           4793.7949
    0:00:06    5091.8      0.00       0.0       0.0                           4793.7949
    0:00:06    5091.8      0.00       0.0       0.0                           4793.7949
    0:00:06    5091.8      0.00       0.0       0.0                           4793.7949
    0:00:06    5091.8      0.00       0.0       0.0                           4793.7949
    0:00:06    5091.8      0.00       0.0       0.0                           4793.7949
    0:00:06    5091.8      0.00       0.0       0.0                           4793.7949
    0:00:06    5091.8      0.00       0.0       0.0                           4793.7949
    0:00:06    5091.8      0.00       0.0       0.0                           4793.7949
    0:00:06    5091.8      0.00       0.0       0.0                           4793.7949
    0:00:06    5091.8      0.00       0.0       0.0                           4793.7949
    0:00:06    5091.8      0.00       0.0       0.0                           4793.7949
    0:00:06    5091.8      0.00       0.0       0.0                           4793.7949
    0:00:06    5091.8      0.00       0.0       0.0                           4793.7949

                                  TOTAL                                                
   ELAPSED            WORST NEG   SETUP    DESIGN                              LEAKAGE 
    TIME      AREA      SLACK     COST    RULE COST         ENDPOINT            POWER  
  --------- --------- --------- --------- --------- ------------------------- ---------
    0:00:06    5091.8      0.00       0.0       0.0                           4793.7949
    0:00:06    5091.8      0.00       0.0       0.0                           4793.7949
    0:00:06    5091.8      0.00       0.0       0.0                           4793.7949
    0:00:06    5074.6      0.00       0.0       0.0                           4782.5625
    0:00:06    5074.6      0.00       0.0       0.0                           4782.5625
Loading db file '/tools2/courses/ee6321/share/ibm13rflpvt/synopsys/scx3_cmos8rf_lpvt_tt_1p2v_25c.db'


Note: Symbol # after min delay cost means estimated hold TNS across all active scenarios 


  Optimization Complete
  ---------------------
Information: State dependent leakage is now switched from off to on.
Information: Propagating switching activity (low effort zero delay simulation). (PWR-6)
Warning: There is no defined clock in the design. (PWR-80)
1
#########################################
# Optimize design                       #
# Some pointers for possible optimizatio# 
# Check the DC reference manual         #
#########################################
#set_transform_for_retiming {temp_reg[6] temp_reg[5] temp_reg[4] temp_reg[3] temp_reg[2] temp_reg[1] temp_reg[0]} dont_retime
#optimize_registers -clock clk -edge rise -justification_effort high 
#balance_registers
#source -verbose "../script/timing.1.2ns.tcl"
#pipeline_design -stages 8 -clock_port_name $clk_name -check_design -verbose -print_critical_loop
#set_max_capacitance 1 [all_inputs] 
#compile_ultra -no_autoungroup -no_boundary_optimization
#remove_clock -all
#pipeline_design -stages 8 -clock_port_name $clk_name -async_reset reset -check_design -verbose -minimum_period_only
#########################################
# Write outputs                         #
#########################################
source -verbose "../common_script/namingrules.tcl"
1

Design          Type    Object                  New Name
--------------------------------------------------------------------------------
softMax         net     comp9/N1                result[3]
softMax         net     genblk1[9].abs/N2       sumIn[90]
softMax         net     genblk1[8].abs/N2       sumIn[80]
softMax         net     genblk1[7].abs/N2       sumIn[70]
softMax         net     genblk1[6].abs/N2       sumIn[60]
softMax         net     genblk1[5].abs/N2       sumIn[50]
softMax         net     genblk1[4].abs/N2       sumIn[40]
softMax         net     genblk1[3].abs/N2       sumIn[30]
softMax         net     genblk1[2].abs/N2       sumIn[20]
softMax         net     genblk1[1].abs/N2       sumIn[10]
softMax         net     genblk1[0].abs/N2       sumIn[0]
1
1
set verilogout_no_tri TRUE
TRUE
write -hierarchy -format verilog -output "${top_level}.nl.v"
Writing verilog file '/homes/user/stud/fall18/srd2162/Documents/Project/AdvancedLogicProject/rtl/Synthesis/SoftMax/softMax.nl.v'.
1
#write_sdf -context verilog "${top_level}.temp.sdf"
write_sdc "${top_level}.syn.sdc" -version 1.7
1
write_sdf "${top_level}.syn.sdf"
Information: Annotated 'cell' delays are assumed to include load delay. (UID-282)
Information: Writing timing information to file '/homes/user/stud/fall18/srd2162/Documents/Project/AdvancedLogicProject/rtl/Synthesis/SoftMax/softMax.syn.sdf'. (WT-3)
Information: Updating design information... (UID-85)
1
# Generate report file
set maxpaths 20
20
set rpt_file "${top_level}.dc.rpt"
softMax.dc.rpt
check_design > $rpt_file
report_area  >> ${rpt_file}
report_power -hier -analysis_effort medium >> ${rpt_file}
report_design >> ${rpt_file}
report_cell >> ${rpt_file}
report_port -verbose >> ${rpt_file}
report_compile_options >> ${rpt_file}
report_constraint -all_violators -verbose >> ${rpt_file}
report_timing -path full -delay max -max_paths $maxpaths -nworst 100 >> ${rpt_file}
report_timing -delay max -nworst 1 -max_paths 10000 -path end -nosplit -unique -sort_by slack > ${top_level}.syn.critical_regs
report_timing -delay max -nworst 1 -max_paths 10000 -path full -nosplit -unique -sort_by slack > ${top_level}.syn.critical_regs.full
report_timing -delay max -nworst 1 -max_paths 10000 -path end -nosplit -unique -sort_by slack -to [all_outputs] > ${top_level}.syn.critical_regs.output
report_timing -delay max -nworst 1 -max_paths 10000 -path end -nosplit -unique -sort_by slack -to [all_registers -data_pins] > ${top_level}.syn.critical_regs.regs
report_timing -delay min -nworst 1 -max_paths 10000 -path short -nosplit -unique -sort_by slack > ${top_level}.syn.fast_path
quit

Thank you...
