 
****************************************
Report : timing
        -path end
        -delay max
        -max_paths 10000
        -sort_by slack
Design : multStore
Version: J-2014.09-SP2
Date   : Wed Dec 19 17:22:14 2018
****************************************

Operating Conditions: tt_1p2v_25c   Library: scx3_cmos8rf_lpvt_tt_1p2v_25c
Wire Load Model Mode: top

Endpoint                         Path Delay     Path Required     Slack
------------------------------------------------------------------------
sumOut[54] (out)                    0.92 f            0.95         0.03
sumOut[3] (out)                     0.91 f            0.95         0.04
sumOut[91] (out)                    0.88 f            0.95         0.07
sumOut[63] (out)                    0.88 f            0.95         0.07
sumOut[40] (out)                    0.88 f            0.95         0.07
sumOut[30] (out)                    0.88 f            0.95         0.07
sumOut[81] (out)                    0.87 f            0.95         0.08
sumOut[61] (out)                    0.87 f            0.95         0.08
sumOut[21] (out)                    0.87 f            0.95         0.08
sumOut[90] (out)                    0.87 f            0.95         0.08
sumOut[70] (out)                    0.87 f            0.95         0.08
sumOut[60] (out)                    0.87 f            0.95         0.08
sumOut[50] (out)                    0.87 f            0.95         0.08
sumOut[20] (out)                    0.87 f            0.95         0.08
sumOut[0] (out)                     0.87 f            0.95         0.08
sumOut[84] (out)                    0.86 r            0.95         0.09
sumOut[64] (out)                    0.86 r            0.95         0.09
sumOut[14] (out)                    0.86 r            0.95         0.09
sumOut[94] (out)                    0.86 r            0.95         0.09
sumOut[74] (out)                    0.86 r            0.95         0.09
sumOut[44] (out)                    0.85 r            0.95         0.10
sumOut[34] (out)                    0.85 r            0.95         0.10
sumOut[24] (out)                    0.85 r            0.95         0.10
sumOut[6] (out)                     0.84 r            0.95         0.11
sumOut[5] (out)                     0.84 r            0.95         0.11
sumOut[75] (out)                    0.84 r            0.95         0.11
sumOut[83] (out)                    0.84 r            0.95         0.11
sumOut[73] (out)                    0.84 r            0.95         0.11
sumOut[53] (out)                    0.84 r            0.95         0.11
sumOut[43] (out)                    0.84 r            0.95         0.11
sumOut[33] (out)                    0.84 r            0.95         0.11
sumOut[23] (out)                    0.84 r            0.95         0.11
sumOut[13] (out)                    0.84 r            0.95         0.11
sumOut[25] (out)                    0.84 r            0.95         0.11
sumOut[92] (out)                    0.83 r            0.95         0.12
sumOut[95] (out)                    0.83 r            0.95         0.12
sumOut[12] (out)                    0.83 r            0.95         0.12
sumOut[76] (out)                    0.83 r            0.95         0.12
sumOut[4] (out)                     0.83 r            0.95         0.12
sumOut[72] (out)                    0.82 r            0.95         0.13
sumOut[71] (out)                    0.82 r            0.95         0.13
sumOut[41] (out)                    0.82 r            0.95         0.13
sumOut[11] (out)                    0.82 r            0.95         0.13
sumOut[93] (out)                    0.82 r            0.95         0.13
sumOut[32] (out)                    0.82 r            0.95         0.13
sumOut[42] (out)                    0.82 r            0.95         0.13
sumOut[82] (out)                    0.82 r            0.95         0.13
sumOut[52] (out)                    0.82 r            0.95         0.13
sumOut[22] (out)                    0.82 r            0.95         0.13
sumOut[2] (out)                     0.82 r            0.95         0.13
sumOut[45] (out)                    0.81 r            0.95         0.14
sumOut[51] (out)                    0.81 r            0.95         0.14
sumOut[31] (out)                    0.81 r            0.95         0.14
sumOut[1] (out)                     0.81 r            0.95         0.14
sumOut[85] (out)                    0.49 f            0.95         0.46
sumOut[36] (out)                    0.49 f            0.95         0.46
sumOut[96] (out)                    0.48 f            0.95         0.47
sumOut[86] (out)                    0.48 f            0.95         0.47
sumOut[26] (out)                    0.48 f            0.95         0.47
sumOut[46] (out)                    0.44 f            0.95         0.51
sumOut[80] (out)                    0.44 f            0.95         0.51
sumOut[10] (out)                    0.44 f            0.95         0.51
sumOut[57] (out)                    0.40 r            0.95         0.55
sumOut[56] (out)                    0.40 r            0.95         0.55
sumOut[16] (out)                    0.40 r            0.95         0.55
sumOut[68] (out)                    0.39 r            0.95         0.56
sumOut[77] (out)                    0.39 r            0.95         0.56
sumOut[67] (out)                    0.39 r            0.95         0.56
sumOut[66] (out)                    0.39 r            0.95         0.56
sumOut[37] (out)                    0.39 r            0.95         0.56
sumOut[7] (out)                     0.39 r            0.95         0.56
sumOut[15] (out)                    0.39 r            0.95         0.56
sumOut[65] (out)                    0.39 r            0.95         0.56
sumOut[87] (out)                    0.38 r            0.95         0.57
sumOut[17] (out)                    0.38 r            0.95         0.57
sumOut[55] (out)                    0.38 r            0.95         0.57
sumOut[62] (out)                    0.37 r            0.95         0.58
sumOut[35] (out)                    0.37 r            0.95         0.58
sumOut[19] (out)                    0.37 r            0.95         0.58
sumOut[97] (out)                    0.37 r            0.95         0.58
sumOut[47] (out)                    0.37 r            0.95         0.58
sumOut[27] (out)                    0.37 r            0.95         0.58
sumOut[59] (out)                    0.36 r            0.95         0.59
sumOut[29] (out)                    0.36 r            0.95         0.59
sumOut[9] (out)                     0.36 r            0.95         0.59
sumOut[98] (out)                    0.36 r            0.95         0.59
sumOut[79] (out)                    0.36 r            0.95         0.59
sumOut[49] (out)                    0.36 r            0.95         0.59
sumOut[88] (out)                    0.36 r            0.95         0.59
sumOut[38] (out)                    0.36 r            0.95         0.59
sumOut[28] (out)                    0.36 r            0.95         0.59
sumOut[8] (out)                     0.36 r            0.95         0.59
sumOut[89] (out)                    0.36 r            0.95         0.59
sumOut[39] (out)                    0.36 r            0.95         0.59
sumOut[78] (out)                    0.36 r            0.95         0.59
sumOut[58] (out)                    0.36 r            0.95         0.59
sumOut[48] (out)                    0.36 r            0.95         0.59
sumOut[18] (out)                    0.36 r            0.95         0.59
sumOut[99] (out)                    0.36 r            0.95         0.59
sumOut[69] (out)                    0.36 r            0.95         0.59

1
