
                      Design Compiler Graphical
                            DC Ultra (TM)
                             DFTMAX (TM)
                         Power Compiler (TM)
                           DesignWare (R)
                           DC Expert (TM)
                         Design Vision (TM)
                          HDL Compiler (TM)
                         VHDL Compiler (TM)
                            DFT Compiler
                        Library Compiler (TM)
                         Design Compiler(R)

          Version J-2014.09-SP2 for RHEL64 -- Nov 25, 2014
               Copyright (c) 1988-2014 Synopsys, Inc.

This software and the associated documentation are confidential and 
proprietary to Synopsys, Inc. Your use or disclosure of this software 
is subject to the terms and conditions of a written license agreement 
between you, or your company, and Synopsys, Inc.

Initializing...
#########################################
# TCL script for Design Compiler        #
# MS 2015                               #
#########################################
#########################################
# READ Design and Library               #
#########################################
set top_level NNController
NNController
source -verbose "../common_script/common.tcl"
. /tools4/syn2007.12/libraries/syn/
dw_foundation.sldb
* /tools2/courses/ee6321/share/ibm13rflpvt/synopsys/scx3_cmos8rf_lpvt_tt_1p2v_25c.db dw_foundation.sldb
/tools2/courses/ee6321/share/ibm13rflpvt/synopsys/scx3_cmos8rf_lpvt_tt_1p2v_25c.db
/tools2/courses/ee6321/share/ibm13rflpvt/synopsys/scx3_cmos8rf_lpvt_tt_1p2v_25c.db
read_verilog {../../NeuralNetwork/$top_level.v}
Loading db file '/tools2/courses/ee6321/share/ibm13rflpvt/synopsys/scx3_cmos8rf_lpvt_tt_1p2v_25c.db'
Loading db file '/usr/cad/syn/libraries/syn/dw_foundation.sldb'
Loading db file '/usr/cad/syn/libraries/syn/gtech.db'
Loading db file '/usr/cad/syn/libraries/syn/standard.sldb'
  Loading link library 'scx3_cmos8rf_lpvt_tt_1p2v_25c'
  Loading link library 'gtech'
Loading verilog file '/homes/user/stud/fall18/srd2162/Documents/Project/AdvancedLogicProject/rtl/NeuralNetwork/NNController.v'
Detecting input file type automatically (-rtl or -netlist).
Opening include file /homes/user/stud/fall18/srd2162/Documents/Project/AdvancedLogicProject/rtl/NeuralNetwork/GlobalVariables.v
Reading with Presto HDL Compiler (equivalent to -rtl option).
Running PRESTO HDLC
Compiling source file /homes/user/stud/fall18/srd2162/Documents/Project/AdvancedLogicProject/rtl/NeuralNetwork/NNController.v
Opening include file /homes/user/stud/fall18/srd2162/Documents/Project/AdvancedLogicProject/rtl/NeuralNetwork/GlobalVariables.v
Presto compilation completed successfully.
Current design is now '/homes/user/stud/fall18/srd2162/Documents/Project/AdvancedLogicProject/rtl/NeuralNetwork/NN_Controler.db:NN_Controler'
Loaded 1 design.
Current design is 'NN_Controler'.
NN_Controler
set set_fix_multiple_port_nets "true"
true
list_designs
NN_Controler (*)
1
if { [check_error -v] == 1 } { exit 1 }
#########################################
# Design Constranits                    #
#########################################
current_design $top_level
Error: Can't find design 'NNController'. (UID-109)
Current design is 'NN_Controler'.
{NN_Controler}
link

  Linking design 'NN_Controler'
  Using the following designs and libraries:
  --------------------------------------------------------------------------
  NN_Controler                /homes/user/stud/fall18/srd2162/Documents/Project/AdvancedLogicProject/rtl/NeuralNetwork/NN_Controler.db
  scx3_cmos8rf_lpvt_tt_1p2v_25c (library) /tools2/courses/ee6321/share/ibm13rflpvt/synopsys/scx3_cmos8rf_lpvt_tt_1p2v_25c.db
  dw_foundation.sldb (library) /usr/cad/syn/libraries/syn/dw_foundation.sldb

Information: Building the design 'InputLayerController'. (HDL-193)
Warning: Cannot find the design 'InputLayerController' in the library 'WORK'. (LBR-1)
Information: Building the design 'Layer1_Controller'. (HDL-193)
Warning: Cannot find the design 'Layer1_Controller' in the library 'WORK'. (LBR-1)
Information: Building the design 'Layer2_Controller'. (HDL-193)
Warning: Cannot find the design 'Layer2_Controller' in the library 'WORK'. (LBR-1)
Warning: Unable to resolve reference 'InputLayerController' in 'NN_Controler'. (LINK-5)
Warning: Unable to resolve reference 'Layer1_Controller' in 'NN_Controler'. (LINK-5)
Warning: Unable to resolve reference 'Layer2_Controller' in 'NN_Controler'. (LINK-5)
0
check_design
Warning: Design 'NN_Controler' has '3' unresolved references. For more detailed information, use the "link" command. (UID-341)
 
****************************************
check_design summary:
Version:     J-2014.09-SP2
Date:        Thu Dec 20 13:07:34 2018
****************************************

                   Name                                            Total
--------------------------------------------------------------------------------
Inputs/Outputs                                                     79
    Multiply driven inputs (LINT-6)                                55
    Unconnected ports (LINT-28)                                    24

Tristate                                                            4
    A tristate bus has a non tri-state driver (LINT-34)             4
--------------------------------------------------------------------------------

Warning: In design 'NN_Controler', input port 'reset' drives wired logic; the port direction may have been specified incorrectly. (LINT-6)
Warning: In design 'NN_Controler', input port 'masterClk' drives wired logic; the port direction may have been specified incorrectly. (LINT-6)
Warning: In design 'NN_Controler', input port 'inputsInbound' drives wired logic; the port direction may have been specified incorrectly. (LINT-6)
Warning: In design 'NN_Controler', input port 'predictionRecieved' drives wired logic; the port direction may have been specified incorrectly. (LINT-6)
Warning: In design 'NN_Controler', input port 'inputPixel' drives wired logic; the port direction may have been specified incorrectly. (LINT-6)
Warning: In design 'NN_Controler', input port 'WriteAddressSelect[9]' drives wired logic; the port direction may have been specified incorrectly. (LINT-6)
Warning: In design 'NN_Controler', input port 'WriteAddressSelect[8]' drives wired logic; the port direction may have been specified incorrectly. (LINT-6)
Warning: In design 'NN_Controler', input port 'WriteAddressSelect[7]' drives wired logic; the port direction may have been specified incorrectly. (LINT-6)
Warning: In design 'NN_Controler', input port 'WriteAddressSelect[6]' drives wired logic; the port direction may have been specified incorrectly. (LINT-6)
Warning: In design 'NN_Controler', input port 'WriteAddressSelect[5]' drives wired logic; the port direction may have been specified incorrectly. (LINT-6)
Warning: In design 'NN_Controler', input port 'WriteAddressSelect[4]' drives wired logic; the port direction may have been specified incorrectly. (LINT-6)
Warning: In design 'NN_Controler', input port 'WriteAddressSelect[3]' drives wired logic; the port direction may have been specified incorrectly. (LINT-6)
Warning: In design 'NN_Controler', input port 'WriteAddressSelect[2]' drives wired logic; the port direction may have been specified incorrectly. (LINT-6)
Warning: In design 'NN_Controler', input port 'WriteAddressSelect[1]' drives wired logic; the port direction may have been specified incorrectly. (LINT-6)
Warning: In design 'NN_Controler', input port 'WriteAddressSelect[0]' drives wired logic; the port direction may have been specified incorrectly. (LINT-6)
Warning: In design 'NN_Controler', input port 'writeIn[39]' drives wired logic; the port direction may have been specified incorrectly. (LINT-6)
Warning: In design 'NN_Controler', input port 'writeIn[38]' drives wired logic; the port direction may have been specified incorrectly. (LINT-6)
Warning: In design 'NN_Controler', input port 'writeIn[37]' drives wired logic; the port direction may have been specified incorrectly. (LINT-6)
Warning: In design 'NN_Controler', input port 'writeIn[36]' drives wired logic; the port direction may have been specified incorrectly. (LINT-6)
Warning: In design 'NN_Controler', input port 'writeIn[35]' drives wired logic; the port direction may have been specified incorrectly. (LINT-6)
Warning: In design 'NN_Controler', input port 'writeIn[34]' drives wired logic; the port direction may have been specified incorrectly. (LINT-6)
Warning: In design 'NN_Controler', input port 'writeIn[33]' drives wired logic; the port direction may have been specified incorrectly. (LINT-6)
Warning: In design 'NN_Controler', input port 'writeIn[32]' drives wired logic; the port direction may have been specified incorrectly. (LINT-6)
Warning: In design 'NN_Controler', input port 'writeIn[31]' drives wired logic; the port direction may have been specified incorrectly. (LINT-6)
Warning: In design 'NN_Controler', input port 'writeIn[30]' drives wired logic; the port direction may have been specified incorrectly. (LINT-6)
Warning: In design 'NN_Controler', input port 'writeIn[29]' drives wired logic; the port direction may have been specified incorrectly. (LINT-6)
Warning: In design 'NN_Controler', input port 'writeIn[28]' drives wired logic; the port direction may have been specified incorrectly. (LINT-6)
Warning: In design 'NN_Controler', input port 'writeIn[27]' drives wired logic; the port direction may have been specified incorrectly. (LINT-6)
Warning: In design 'NN_Controler', input port 'writeIn[26]' drives wired logic; the port direction may have been specified incorrectly. (LINT-6)
Warning: In design 'NN_Controler', input port 'writeIn[25]' drives wired logic; the port direction may have been specified incorrectly. (LINT-6)
Warning: In design 'NN_Controler', input port 'writeIn[24]' drives wired logic; the port direction may have been specified incorrectly. (LINT-6)
Warning: In design 'NN_Controler', input port 'writeIn[23]' drives wired logic; the port direction may have been specified incorrectly. (LINT-6)
Warning: In design 'NN_Controler', input port 'writeIn[22]' drives wired logic; the port direction may have been specified incorrectly. (LINT-6)
Warning: In design 'NN_Controler', input port 'writeIn[21]' drives wired logic; the port direction may have been specified incorrectly. (LINT-6)
Warning: In design 'NN_Controler', input port 'writeIn[20]' drives wired logic; the port direction may have been specified incorrectly. (LINT-6)
Warning: In design 'NN_Controler', input port 'writeIn[19]' drives wired logic; the port direction may have been specified incorrectly. (LINT-6)
Warning: In design 'NN_Controler', input port 'writeIn[18]' drives wired logic; the port direction may have been specified incorrectly. (LINT-6)
Warning: In design 'NN_Controler', input port 'writeIn[17]' drives wired logic; the port direction may have been specified incorrectly. (LINT-6)
Warning: In design 'NN_Controler', input port 'writeIn[16]' drives wired logic; the port direction may have been specified incorrectly. (LINT-6)
Warning: In design 'NN_Controler', input port 'writeIn[15]' drives wired logic; the port direction may have been specified incorrectly. (LINT-6)
Warning: In design 'NN_Controler', input port 'writeIn[14]' drives wired logic; the port direction may have been specified incorrectly. (LINT-6)
Warning: In design 'NN_Controler', input port 'writeIn[13]' drives wired logic; the port direction may have been specified incorrectly. (LINT-6)
Warning: In design 'NN_Controler', input port 'writeIn[12]' drives wired logic; the port direction may have been specified incorrectly. (LINT-6)
Warning: In design 'NN_Controler', input port 'writeIn[11]' drives wired logic; the port direction may have been specified incorrectly. (LINT-6)
Warning: In design 'NN_Controler', input port 'writeIn[10]' drives wired logic; the port direction may have been specified incorrectly. (LINT-6)
Warning: In design 'NN_Controler', input port 'writeIn[9]' drives wired logic; the port direction may have been specified incorrectly. (LINT-6)
Warning: In design 'NN_Controler', input port 'writeIn[8]' drives wired logic; the port direction may have been specified incorrectly. (LINT-6)
Warning: In design 'NN_Controler', input port 'writeIn[7]' drives wired logic; the port direction may have been specified incorrectly. (LINT-6)
Warning: In design 'NN_Controler', input port 'writeIn[6]' drives wired logic; the port direction may have been specified incorrectly. (LINT-6)
Warning: In design 'NN_Controler', input port 'writeIn[5]' drives wired logic; the port direction may have been specified incorrectly. (LINT-6)
Warning: In design 'NN_Controler', input port 'writeIn[4]' drives wired logic; the port direction may have been specified incorrectly. (LINT-6)
Warning: In design 'NN_Controler', input port 'writeIn[3]' drives wired logic; the port direction may have been specified incorrectly. (LINT-6)
Warning: In design 'NN_Controler', input port 'writeIn[2]' drives wired logic; the port direction may have been specified incorrectly. (LINT-6)
Warning: In design 'NN_Controler', input port 'writeIn[1]' drives wired logic; the port direction may have been specified incorrectly. (LINT-6)
Warning: In design 'NN_Controler', input port 'writeIn[0]' drives wired logic; the port direction may have been specified incorrectly. (LINT-6)
Warning: In design 'NN_Controler', port 'writeIn[63]' is not connected to any nets. (LINT-28)
Warning: In design 'NN_Controler', port 'writeIn[62]' is not connected to any nets. (LINT-28)
Warning: In design 'NN_Controler', port 'writeIn[61]' is not connected to any nets. (LINT-28)
Warning: In design 'NN_Controler', port 'writeIn[60]' is not connected to any nets. (LINT-28)
Warning: In design 'NN_Controler', port 'writeIn[59]' is not connected to any nets. (LINT-28)
Warning: In design 'NN_Controler', port 'writeIn[58]' is not connected to any nets. (LINT-28)
Warning: In design 'NN_Controler', port 'writeIn[57]' is not connected to any nets. (LINT-28)
Warning: In design 'NN_Controler', port 'writeIn[56]' is not connected to any nets. (LINT-28)
Warning: In design 'NN_Controler', port 'writeIn[55]' is not connected to any nets. (LINT-28)
Warning: In design 'NN_Controler', port 'writeIn[54]' is not connected to any nets. (LINT-28)
Warning: In design 'NN_Controler', port 'writeIn[53]' is not connected to any nets. (LINT-28)
Warning: In design 'NN_Controler', port 'writeIn[52]' is not connected to any nets. (LINT-28)
Warning: In design 'NN_Controler', port 'writeIn[51]' is not connected to any nets. (LINT-28)
Warning: In design 'NN_Controler', port 'writeIn[50]' is not connected to any nets. (LINT-28)
Warning: In design 'NN_Controler', port 'writeIn[49]' is not connected to any nets. (LINT-28)
Warning: In design 'NN_Controler', port 'writeIn[48]' is not connected to any nets. (LINT-28)
Warning: In design 'NN_Controler', port 'writeIn[47]' is not connected to any nets. (LINT-28)
Warning: In design 'NN_Controler', port 'writeIn[46]' is not connected to any nets. (LINT-28)
Warning: In design 'NN_Controler', port 'writeIn[45]' is not connected to any nets. (LINT-28)
Warning: In design 'NN_Controler', port 'writeIn[44]' is not connected to any nets. (LINT-28)
Warning: In design 'NN_Controler', port 'writeIn[43]' is not connected to any nets. (LINT-28)
Warning: In design 'NN_Controler', port 'writeIn[42]' is not connected to any nets. (LINT-28)
Warning: In design 'NN_Controler', port 'writeIn[41]' is not connected to any nets. (LINT-28)
Warning: In design 'NN_Controler', port 'writeIn[40]' is not connected to any nets. (LINT-28)
Warning: In design 'NN_Controler', three-state bus 'L2_BiasWriteEnable' has non three-state driver 'C19/Z_0'. (LINT-34)
Warning: In design 'NN_Controler', three-state bus 'L2_WeightWriteEnable' has non three-state driver 'C18/Z_0'. (LINT-34)
Warning: In design 'NN_Controler', three-state bus 'L1_BiasWriteEnable' has non three-state driver 'C17/Z_0'. (LINT-34)
Warning: In design 'NN_Controler', three-state bus 'L1_WeightWriteEnable' has non three-state driver 'C16/Z_0'. (LINT-34)
1
source -verbose "./timing.tcl"
1.00
0
0.010
0.05
0.05
0.005
Warning: Can't find port 'clk' in design 'NN_Controler'. (UID-95)
Error: can't read "clk_name": no such variable
	Use error_info for more info. (CMD-013)
Error: can't read "clk_name": no such variable
	Use error_info for more info. (CMD-013)
Warning: Design 'NN_Controler' has '3' unresolved references. For more detailed information, use the "link" command. (UID-341)
Error: Value for list '<clock_list>' must have 1 elements. (CMD-036)
0
Error: can't read "clk_port": no such variable
	Use error_info for more info. (CMD-013)
Error: can't read "clk_port": no such variable
	Use error_info for more info. (CMD-013)
Warning: Design 'NN_Controler' has '3' unresolved references. For more detailed information, use the "link" command. (UID-341)
Warning: Design rule attributes from the driving cell will be
	set on the port. (UID-401)
Warning: Design rule attributes from the driving cell will be
	set on the port. (UID-401)
Warning: Design rule attributes from the driving cell will be
	set on the port. (UID-401)
Warning: Design rule attributes from the driving cell will be
	set on the port. (UID-401)
Warning: Design rule attributes from the driving cell will be
	set on the port. (UID-401)
Warning: Design rule attributes from the driving cell will be
	set on the port. (UID-401)
Warning: Design rule attributes from the driving cell will be
	set on the port. (UID-401)
Warning: Design rule attributes from the driving cell will be
	set on the port. (UID-401)
Warning: Design rule attributes from the driving cell will be
	set on the port. (UID-401)
Warning: Design rule attributes from the driving cell will be
	set on the port. (UID-401)
Warning: Design rule attributes from the driving cell will be
	set on the port. (UID-401)
Warning: Design rule attributes from the driving cell will be
	set on the port. (UID-401)
Warning: Design rule attributes from the driving cell will be
	set on the port. (UID-401)
Warning: Design rule attributes from the driving cell will be
	set on the port. (UID-401)
Warning: Design rule attributes from the driving cell will be
	set on the port. (UID-401)
Warning: Design rule attributes from the driving cell will be
	set on the port. (UID-401)
Warning: Design rule attributes from the driving cell will be
	set on the port. (UID-401)
Warning: Design rule attributes from the driving cell will be
	set on the port. (UID-401)
Warning: Design rule attributes from the driving cell will be
	set on the port. (UID-401)
Warning: Design rule attributes from the driving cell will be
	set on the port. (UID-401)
Warning: Design rule attributes from the driving cell will be
	set on the port. (UID-401)
Warning: Design rule attributes from the driving cell will be
	set on the port. (UID-401)
Warning: Design rule attributes from the driving cell will be
	set on the port. (UID-401)
Warning: Design rule attributes from the driving cell will be
	set on the port. (UID-401)
Warning: Design rule attributes from the driving cell will be
	set on the port. (UID-401)
Warning: Design rule attributes from the driving cell will be
	set on the port. (UID-401)
Warning: Design rule attributes from the driving cell will be
	set on the port. (UID-401)
Warning: Design rule attributes from the driving cell will be
	set on the port. (UID-401)
Warning: Design rule attributes from the driving cell will be
	set on the port. (UID-401)
Warning: Design rule attributes from the driving cell will be
	set on the port. (UID-401)
Warning: Design rule attributes from the driving cell will be
	set on the port. (UID-401)
Warning: Design rule attributes from the driving cell will be
	set on the port. (UID-401)
Warning: Design rule attributes from the driving cell will be
	set on the port. (UID-401)
Warning: Design rule attributes from the driving cell will be
	set on the port. (UID-401)
Warning: Design rule attributes from the driving cell will be
	set on the port. (UID-401)
Warning: Design rule attributes from the driving cell will be
	set on the port. (UID-401)
Warning: Design rule attributes from the driving cell will be
	set on the port. (UID-401)
Warning: Design rule attributes from the driving cell will be
	set on the port. (UID-401)
Warning: Design rule attributes from the driving cell will be
	set on the port. (UID-401)
Warning: Design rule attributes from the driving cell will be
	set on the port. (UID-401)
Warning: Design rule attributes from the driving cell will be
	set on the port. (UID-401)
Warning: Design rule attributes from the driving cell will be
	set on the port. (UID-401)
Warning: Design rule attributes from the driving cell will be
	set on the port. (UID-401)
Warning: Design rule attributes from the driving cell will be
	set on the port. (UID-401)
Warning: Design rule attributes from the driving cell will be
	set on the port. (UID-401)
Warning: Design rule attributes from the driving cell will be
	set on the port. (UID-401)
Warning: Design rule attributes from the driving cell will be
	set on the port. (UID-401)
Warning: Design rule attributes from the driving cell will be
	set on the port. (UID-401)
Warning: Design rule attributes from the driving cell will be
	set on the port. (UID-401)
Warning: Design rule attributes from the driving cell will be
	set on the port. (UID-401)
Warning: Design rule attributes from the driving cell will be
	set on the port. (UID-401)
Warning: Design rule attributes from the driving cell will be
	set on the port. (UID-401)
Warning: Design rule attributes from the driving cell will be
	set on the port. (UID-401)
Warning: Design rule attributes from the driving cell will be
	set on the port. (UID-401)
Warning: Design rule attributes from the driving cell will be
	set on the port. (UID-401)
Warning: Design rule attributes from the driving cell will be
	set on the port. (UID-401)
Warning: Design rule attributes from the driving cell will be
	set on the port. (UID-401)
Warning: Design rule attributes from the driving cell will be
	set on the port. (UID-401)
Warning: Design rule attributes from the driving cell will be
	set on the port. (UID-401)
Warning: Design rule attributes from the driving cell will be
	set on the port. (UID-401)
Warning: Design rule attributes from the driving cell will be
	set on the port. (UID-401)
Warning: Design rule attributes from the driving cell will be
	set on the port. (UID-401)
Warning: Design rule attributes from the driving cell will be
	set on the port. (UID-401)
Warning: Design rule attributes from the driving cell will be
	set on the port. (UID-401)
Warning: Design rule attributes from the driving cell will be
	set on the port. (UID-401)
Warning: Design rule attributes from the driving cell will be
	set on the port. (UID-401)
Warning: Design rule attributes from the driving cell will be
	set on the port. (UID-401)
Warning: Design rule attributes from the driving cell will be
	set on the port. (UID-401)
Warning: Design rule attributes from the driving cell will be
	set on the port. (UID-401)
Warning: Design rule attributes from the driving cell will be
	set on the port. (UID-401)
Warning: Design rule attributes from the driving cell will be
	set on the port. (UID-401)
Warning: Design rule attributes from the driving cell will be
	set on the port. (UID-401)
Warning: Design rule attributes from the driving cell will be
	set on the port. (UID-401)
Warning: Design rule attributes from the driving cell will be
	set on the port. (UID-401)
Warning: Design rule attributes from the driving cell will be
	set on the port. (UID-401)
Warning: Design rule attributes from the driving cell will be
	set on the port. (UID-401)
Warning: Design rule attributes from the driving cell will be
	set on the port. (UID-401)
Warning: Design rule attributes from the driving cell will be
	set on the port. (UID-401)
Warning: Design rule attributes from the driving cell will be
	set on the port. (UID-401)
Warning: Design rule attributes from the driving cell will be
	set on the port. (UID-401)
Warning: Design rule attributes from the driving cell will be
	set on the port. (UID-401)
Warning: Design rule attributes from the driving cell will be
	set on the port. (UID-401)
1
Error: can't read "clk_name": no such variable
	Use error_info for more info. (CMD-013)
Error: can't read "clk_name": no such variable
	Use error_info for more info. (CMD-013)
Error: can't read "clk_name": no such variable
	Use error_info for more info. (CMD-013)
1
1
set_max_capacitance 0.005 [all_inputs]
1
set_max_fanout 4 $top_level
Warning: Can't find object 'NNController' in design 'NN_Controler'. (UID-95)
Error: Value for list 'object_list' must have 1 elements. (CMD-036)
0
set_max_fanout 4 [all_inputs]
1
set_max_area 0 
1
set_fix_multiple_port_nets -all -buffer_constants
1
#########################################
# Compile                               #
#########################################
check_design
Warning: Design 'NN_Controler' has '3' unresolved references. For more detailed information, use the "link" command. (UID-341)
 
****************************************
check_design summary:
Version:     J-2014.09-SP2
Date:        Thu Dec 20 13:07:34 2018
****************************************

                   Name                                            Total
--------------------------------------------------------------------------------
Inputs/Outputs                                                     79
    Multiply driven inputs (LINT-6)                                55
    Unconnected ports (LINT-28)                                    24

Tristate                                                            4
    A tristate bus has a non tri-state driver (LINT-34)             4
--------------------------------------------------------------------------------

Warning: In design 'NN_Controler', input port 'reset' drives wired logic; the port direction may have been specified incorrectly. (LINT-6)
Warning: In design 'NN_Controler', input port 'masterClk' drives wired logic; the port direction may have been specified incorrectly. (LINT-6)
Warning: In design 'NN_Controler', input port 'inputsInbound' drives wired logic; the port direction may have been specified incorrectly. (LINT-6)
Warning: In design 'NN_Controler', input port 'predictionRecieved' drives wired logic; the port direction may have been specified incorrectly. (LINT-6)
Warning: In design 'NN_Controler', input port 'inputPixel' drives wired logic; the port direction may have been specified incorrectly. (LINT-6)
Warning: In design 'NN_Controler', input port 'WriteAddressSelect[9]' drives wired logic; the port direction may have been specified incorrectly. (LINT-6)
Warning: In design 'NN_Controler', input port 'WriteAddressSelect[8]' drives wired logic; the port direction may have been specified incorrectly. (LINT-6)
Warning: In design 'NN_Controler', input port 'WriteAddressSelect[7]' drives wired logic; the port direction may have been specified incorrectly. (LINT-6)
Warning: In design 'NN_Controler', input port 'WriteAddressSelect[6]' drives wired logic; the port direction may have been specified incorrectly. (LINT-6)
Warning: In design 'NN_Controler', input port 'WriteAddressSelect[5]' drives wired logic; the port direction may have been specified incorrectly. (LINT-6)
Warning: In design 'NN_Controler', input port 'WriteAddressSelect[4]' drives wired logic; the port direction may have been specified incorrectly. (LINT-6)
Warning: In design 'NN_Controler', input port 'WriteAddressSelect[3]' drives wired logic; the port direction may have been specified incorrectly. (LINT-6)
Warning: In design 'NN_Controler', input port 'WriteAddressSelect[2]' drives wired logic; the port direction may have been specified incorrectly. (LINT-6)
Warning: In design 'NN_Controler', input port 'WriteAddressSelect[1]' drives wired logic; the port direction may have been specified incorrectly. (LINT-6)
Warning: In design 'NN_Controler', input port 'WriteAddressSelect[0]' drives wired logic; the port direction may have been specified incorrectly. (LINT-6)
Warning: In design 'NN_Controler', input port 'writeIn[39]' drives wired logic; the port direction may have been specified incorrectly. (LINT-6)
Warning: In design 'NN_Controler', input port 'writeIn[38]' drives wired logic; the port direction may have been specified incorrectly. (LINT-6)
Warning: In design 'NN_Controler', input port 'writeIn[37]' drives wired logic; the port direction may have been specified incorrectly. (LINT-6)
Warning: In design 'NN_Controler', input port 'writeIn[36]' drives wired logic; the port direction may have been specified incorrectly. (LINT-6)
Warning: In design 'NN_Controler', input port 'writeIn[35]' drives wired logic; the port direction may have been specified incorrectly. (LINT-6)
Warning: In design 'NN_Controler', input port 'writeIn[34]' drives wired logic; the port direction may have been specified incorrectly. (LINT-6)
Warning: In design 'NN_Controler', input port 'writeIn[33]' drives wired logic; the port direction may have been specified incorrectly. (LINT-6)
Warning: In design 'NN_Controler', input port 'writeIn[32]' drives wired logic; the port direction may have been specified incorrectly. (LINT-6)
Warning: In design 'NN_Controler', input port 'writeIn[31]' drives wired logic; the port direction may have been specified incorrectly. (LINT-6)
Warning: In design 'NN_Controler', input port 'writeIn[30]' drives wired logic; the port direction may have been specified incorrectly. (LINT-6)
Warning: In design 'NN_Controler', input port 'writeIn[29]' drives wired logic; the port direction may have been specified incorrectly. (LINT-6)
Warning: In design 'NN_Controler', input port 'writeIn[28]' drives wired logic; the port direction may have been specified incorrectly. (LINT-6)
Warning: In design 'NN_Controler', input port 'writeIn[27]' drives wired logic; the port direction may have been specified incorrectly. (LINT-6)
Warning: In design 'NN_Controler', input port 'writeIn[26]' drives wired logic; the port direction may have been specified incorrectly. (LINT-6)
Warning: In design 'NN_Controler', input port 'writeIn[25]' drives wired logic; the port direction may have been specified incorrectly. (LINT-6)
Warning: In design 'NN_Controler', input port 'writeIn[24]' drives wired logic; the port direction may have been specified incorrectly. (LINT-6)
Warning: In design 'NN_Controler', input port 'writeIn[23]' drives wired logic; the port direction may have been specified incorrectly. (LINT-6)
Warning: In design 'NN_Controler', input port 'writeIn[22]' drives wired logic; the port direction may have been specified incorrectly. (LINT-6)
Warning: In design 'NN_Controler', input port 'writeIn[21]' drives wired logic; the port direction may have been specified incorrectly. (LINT-6)
Warning: In design 'NN_Controler', input port 'writeIn[20]' drives wired logic; the port direction may have been specified incorrectly. (LINT-6)
Warning: In design 'NN_Controler', input port 'writeIn[19]' drives wired logic; the port direction may have been specified incorrectly. (LINT-6)
Warning: In design 'NN_Controler', input port 'writeIn[18]' drives wired logic; the port direction may have been specified incorrectly. (LINT-6)
Warning: In design 'NN_Controler', input port 'writeIn[17]' drives wired logic; the port direction may have been specified incorrectly. (LINT-6)
Warning: In design 'NN_Controler', input port 'writeIn[16]' drives wired logic; the port direction may have been specified incorrectly. (LINT-6)
Warning: In design 'NN_Controler', input port 'writeIn[15]' drives wired logic; the port direction may have been specified incorrectly. (LINT-6)
Warning: In design 'NN_Controler', input port 'writeIn[14]' drives wired logic; the port direction may have been specified incorrectly. (LINT-6)
Warning: In design 'NN_Controler', input port 'writeIn[13]' drives wired logic; the port direction may have been specified incorrectly. (LINT-6)
Warning: In design 'NN_Controler', input port 'writeIn[12]' drives wired logic; the port direction may have been specified incorrectly. (LINT-6)
Warning: In design 'NN_Controler', input port 'writeIn[11]' drives wired logic; the port direction may have been specified incorrectly. (LINT-6)
Warning: In design 'NN_Controler', input port 'writeIn[10]' drives wired logic; the port direction may have been specified incorrectly. (LINT-6)
Warning: In design 'NN_Controler', input port 'writeIn[9]' drives wired logic; the port direction may have been specified incorrectly. (LINT-6)
Warning: In design 'NN_Controler', input port 'writeIn[8]' drives wired logic; the port direction may have been specified incorrectly. (LINT-6)
Warning: In design 'NN_Controler', input port 'writeIn[7]' drives wired logic; the port direction may have been specified incorrectly. (LINT-6)
Warning: In design 'NN_Controler', input port 'writeIn[6]' drives wired logic; the port direction may have been specified incorrectly. (LINT-6)
Warning: In design 'NN_Controler', input port 'writeIn[5]' drives wired logic; the port direction may have been specified incorrectly. (LINT-6)
Warning: In design 'NN_Controler', input port 'writeIn[4]' drives wired logic; the port direction may have been specified incorrectly. (LINT-6)
Warning: In design 'NN_Controler', input port 'writeIn[3]' drives wired logic; the port direction may have been specified incorrectly. (LINT-6)
Warning: In design 'NN_Controler', input port 'writeIn[2]' drives wired logic; the port direction may have been specified incorrectly. (LINT-6)
Warning: In design 'NN_Controler', input port 'writeIn[1]' drives wired logic; the port direction may have been specified incorrectly. (LINT-6)
Warning: In design 'NN_Controler', input port 'writeIn[0]' drives wired logic; the port direction may have been specified incorrectly. (LINT-6)
Warning: In design 'NN_Controler', port 'writeIn[63]' is not connected to any nets. (LINT-28)
Warning: In design 'NN_Controler', port 'writeIn[62]' is not connected to any nets. (LINT-28)
Warning: In design 'NN_Controler', port 'writeIn[61]' is not connected to any nets. (LINT-28)
Warning: In design 'NN_Controler', port 'writeIn[60]' is not connected to any nets. (LINT-28)
Warning: In design 'NN_Controler', port 'writeIn[59]' is not connected to any nets. (LINT-28)
Warning: In design 'NN_Controler', port 'writeIn[58]' is not connected to any nets. (LINT-28)
Warning: In design 'NN_Controler', port 'writeIn[57]' is not connected to any nets. (LINT-28)
Warning: In design 'NN_Controler', port 'writeIn[56]' is not connected to any nets. (LINT-28)
Warning: In design 'NN_Controler', port 'writeIn[55]' is not connected to any nets. (LINT-28)
Warning: In design 'NN_Controler', port 'writeIn[54]' is not connected to any nets. (LINT-28)
Warning: In design 'NN_Controler', port 'writeIn[53]' is not connected to any nets. (LINT-28)
Warning: In design 'NN_Controler', port 'writeIn[52]' is not connected to any nets. (LINT-28)
Warning: In design 'NN_Controler', port 'writeIn[51]' is not connected to any nets. (LINT-28)
Warning: In design 'NN_Controler', port 'writeIn[50]' is not connected to any nets. (LINT-28)
Warning: In design 'NN_Controler', port 'writeIn[49]' is not connected to any nets. (LINT-28)
Warning: In design 'NN_Controler', port 'writeIn[48]' is not connected to any nets. (LINT-28)
Warning: In design 'NN_Controler', port 'writeIn[47]' is not connected to any nets. (LINT-28)
Warning: In design 'NN_Controler', port 'writeIn[46]' is not connected to any nets. (LINT-28)
Warning: In design 'NN_Controler', port 'writeIn[45]' is not connected to any nets. (LINT-28)
Warning: In design 'NN_Controler', port 'writeIn[44]' is not connected to any nets. (LINT-28)
Warning: In design 'NN_Controler', port 'writeIn[43]' is not connected to any nets. (LINT-28)
Warning: In design 'NN_Controler', port 'writeIn[42]' is not connected to any nets. (LINT-28)
Warning: In design 'NN_Controler', port 'writeIn[41]' is not connected to any nets. (LINT-28)
Warning: In design 'NN_Controler', port 'writeIn[40]' is not connected to any nets. (LINT-28)
Warning: In design 'NN_Controler', three-state bus 'L2_BiasWriteEnable' has non three-state driver 'C19/Z_0'. (LINT-34)
Warning: In design 'NN_Controler', three-state bus 'L2_WeightWriteEnable' has non three-state driver 'C18/Z_0'. (LINT-34)
Warning: In design 'NN_Controler', three-state bus 'L1_BiasWriteEnable' has non three-state driver 'C17/Z_0'. (LINT-34)
Warning: In design 'NN_Controler', three-state bus 'L1_WeightWriteEnable' has non three-state driver 'C16/Z_0'. (LINT-34)
1
#uniquify
current_design $top_level
Error: Can't find design 'NNController'. (UID-109)
Current design is 'NN_Controler'.
{NN_Controler}
link

  Linking design 'NN_Controler'
  Using the following designs and libraries:
  --------------------------------------------------------------------------
  NN_Controler                /homes/user/stud/fall18/srd2162/Documents/Project/AdvancedLogicProject/rtl/NeuralNetwork/NN_Controler.db
  scx3_cmos8rf_lpvt_tt_1p2v_25c (library)
                              /tools2/courses/ee6321/share/ibm13rflpvt/synopsys/scx3_cmos8rf_lpvt_tt_1p2v_25c.db
  dw_foundation.sldb (library)
                              /usr/cad/syn/libraries/syn/dw_foundation.sldb

Information: Building the design 'InputLayerController'. (HDL-193)
Warning: Cannot find the design 'InputLayerController' in the library 'WORK'. (LBR-1)
Information: Building the design 'Layer1_Controller'. (HDL-193)
Warning: Cannot find the design 'Layer1_Controller' in the library 'WORK'. (LBR-1)
Information: Building the design 'Layer2_Controller'. (HDL-193)
Warning: Cannot find the design 'Layer2_Controller' in the library 'WORK'. (LBR-1)
Warning: Unable to resolve reference 'InputLayerController' in 'NN_Controler'. (LINK-5)
Warning: Unable to resolve reference 'Layer1_Controller' in 'NN_Controler'. (LINK-5)
Warning: Unable to resolve reference 'Layer2_Controller' in 'NN_Controler'. (LINK-5)
0
compile_ultra
Warning: Design 'NN_Controler' has '3' unresolved references. For more detailed information, use the "link" command. (UID-341)
Information: Performing power optimization. (PWR-850)
Alib files are up-to-date.
Information: Evaluating DesignWare library utilization. (UISN-27)

============================================================================
| DesignWare Building Block Library  |         Version         | Available |
============================================================================
| Basic DW Building Blocks           | J-2014.09-DWBB_201409.2 |     *     |
| Licensed DW Building Blocks        | J-2014.09-DWBB_201409.2 |     *     |
============================================================================

Information: Sequential output inversion is enabled.  SVF file must be used for formal verification. (OPT-1208)

Information: There are 83 potential problems in your design. Please run 'check_design' for more information. (LINT-99)


Information: Building the design 'InputLayerController'. (HDL-193)
Warning: Cannot find the design 'InputLayerController' in the library 'WORK'. (LBR-1)
Information: Building the design 'Layer1_Controller'. (HDL-193)
Warning: Cannot find the design 'Layer1_Controller' in the library 'WORK'. (LBR-1)
Information: Building the design 'Layer2_Controller'. (HDL-193)
Warning: Cannot find the design 'Layer2_Controller' in the library 'WORK'. (LBR-1)
Warning: Unable to resolve reference 'InputLayerController' in 'NN_Controler'. (LINK-5)
Warning: Unable to resolve reference 'Layer1_Controller' in 'NN_Controler'. (LINK-5)
Warning: Unable to resolve reference 'Layer2_Controller' in 'NN_Controler'. (LINK-5)
Loaded alib file './alib-52/scx3_cmos8rf_lpvt_tt_1p2v_25c.db.alib'
Information: Ungrouping 0 of 1 hierarchies before Pass 1 (OPT-775)
Information: State dependent leakage is now switched from on to off.

  Beginning Pass 1 Mapping
  ------------------------
  Processing 'NN_Controler'
Information: Building the design 'InputLayerController'. (HDL-193)
Warning: Cannot find the design 'InputLayerController' in the library 'WORK'. (LBR-1)
Information: Building the design 'Layer1_Controller'. (HDL-193)
Warning: Cannot find the design 'Layer1_Controller' in the library 'WORK'. (LBR-1)
Information: Building the design 'Layer2_Controller'. (HDL-193)
Warning: Cannot find the design 'Layer2_Controller' in the library 'WORK'. (LBR-1)
Warning: Unable to resolve reference 'InputLayerController' in 'NN_Controler'. (LINK-5)
Warning: Unable to resolve reference 'Layer1_Controller' in 'NN_Controler'. (LINK-5)
Warning: Unable to resolve reference 'Layer2_Controller' in 'NN_Controler'. (LINK-5)

  Updating timing information
Information: Updating design information... (UID-85)
Information: The library cell 'HOLDX1TS' in the library 'scx3_cmos8rf_lpvt_tt_1p2v_25c' is not characterized for internal power. (PWR-536)
Information: The target library(s) contains cell(s), other than black boxes, that are not characterized for internal power. (PWR-24)

  Beginning Mapping Optimizations  (Ultra High effort)
  -------------------------------

                                  TOTAL                                                
   ELAPSED            WORST NEG   SETUP    DESIGN                              LEAKAGE 
    TIME      AREA      SLACK     COST    RULE COST         ENDPOINT            POWER  
  --------- --------- --------- --------- --------- ------------------------- ---------
    0:00:03      44.6      0.00       0.0       1.0                             44.7631
    0:00:04      44.6      0.00       0.0       1.0                             44.7631
    0:00:04      44.6      0.00       0.0       1.0                             44.7631
    0:00:04      44.6      0.00       0.0       1.0                             44.7631
  Re-synthesis Optimization (Phase 1)
  Re-synthesis Optimization (Phase 2)
  Global Optimization (Phase 1)
  Global Optimization (Phase 2)
  Global Optimization (Phase 3)
  Global Optimization (Phase 4)
  Global Optimization (Phase 5)
  Global Optimization (Phase 6)
  Global Optimization (Phase 7)
  Global Optimization (Phase 8)
  Global Optimization (Phase 9)
  Global Optimization (Phase 10)
  Global Optimization (Phase 11)
  Global Optimization (Phase 12)
  Global Optimization (Phase 13)
  Global Optimization (Phase 14)
  Global Optimization (Phase 15)
  Global Optimization (Phase 16)
  Global Optimization (Phase 17)
  Global Optimization (Phase 18)
  Global Optimization (Phase 19)
  Global Optimization (Phase 20)
  Global Optimization (Phase 21)
  Global Optimization (Phase 22)
  Global Optimization (Phase 23)
  Global Optimization (Phase 24)
  Global Optimization (Phase 25)
  Global Optimization (Phase 26)
  Global Optimization (Phase 27)
  Global Optimization (Phase 28)
  Global Optimization (Phase 29)



  Beginning Delay Optimization Phase
  ----------------------------------

                                  TOTAL                                                
   ELAPSED            WORST NEG   SETUP    DESIGN                              LEAKAGE 
    TIME      AREA      SLACK     COST    RULE COST         ENDPOINT            POWER  
  --------- --------- --------- --------- --------- ------------------------- ---------
    0:00:04      44.6      0.00       0.0       1.0                             43.2576
    0:00:04      44.6      0.00       0.0       1.0                             43.2576
    0:00:04      44.6      0.00       0.0       1.0                             43.2576
    0:00:04      44.6      0.00       0.0       1.0                             43.2576
    0:00:04      44.6      0.00       0.0       1.0                             43.2576
    0:00:04      44.6      0.00       0.0       1.0                             43.2576
    0:00:04      44.6      0.00       0.0       1.0                             43.2576
    0:00:04      44.6      0.00       0.0       1.0                             43.2576
    0:00:04      44.6      0.00       0.0       1.0                             43.2576
    0:00:04      44.6      0.00       0.0       1.0                             43.2576
    0:00:04      44.6      0.00       0.0       1.0                             43.2576

  Beginning Delay Optimization
  ----------------------------
    0:00:04      44.6      0.00       0.0       1.0                             43.2576
    0:00:04      44.6      0.00       0.0       1.0                             43.2576
    0:00:04      44.6      0.00       0.0       1.0                             43.2576
    0:00:04      44.6      0.00       0.0       1.0                             43.2576
    0:00:04      44.6      0.00       0.0       1.0                             43.2576
    0:00:04      44.6      0.00       0.0       1.0                             43.2576
    0:00:04      44.6      0.00       0.0       1.0                             43.2576
    0:00:04      44.6      0.00       0.0       1.0                             43.2576


  Beginning Design Rule Fixing  (max_fanout)  (max_capacitance)
  ----------------------------

                                  TOTAL                                                
   ELAPSED            WORST NEG   SETUP    DESIGN                              LEAKAGE 
    TIME      AREA      SLACK     COST    RULE COST         ENDPOINT            POWER  
  --------- --------- --------- --------- --------- ------------------------- ---------
    0:00:04      44.6      0.00       0.0       1.0                             43.2576
  Global Optimization (Phase 30)
  Global Optimization (Phase 31)
  Global Optimization (Phase 32)
    0:00:04      53.3      0.00       0.0       0.0                             48.8738
    0:00:04      53.3      0.00       0.0       0.0                             48.8738

                                  TOTAL                                                
   ELAPSED            WORST NEG   SETUP    DESIGN                              LEAKAGE 
    TIME      AREA      SLACK     COST    RULE COST         ENDPOINT            POWER  
  --------- --------- --------- --------- --------- ------------------------- ---------
    0:00:04      53.3      0.00       0.0       0.0                             48.8738
    0:00:04      53.3      0.00       0.0       0.0                             48.8738


  Beginning Leakage Power Optimization  (max_leakage_power 0)
  ------------------------------------

                                  TOTAL                                                
   ELAPSED            WORST NEG   SETUP    DESIGN                              LEAKAGE 
    TIME      AREA      SLACK     COST    RULE COST         ENDPOINT            POWER  
  --------- --------- --------- --------- --------- ------------------------- ---------
    0:00:04      53.3      0.00       0.0       0.0                             48.8738
  Global Optimization (Phase 33)
  Global Optimization (Phase 34)
  Global Optimization (Phase 35)
  Global Optimization (Phase 36)
  Global Optimization (Phase 37)
  Global Optimization (Phase 38)
  Global Optimization (Phase 39)
  Global Optimization (Phase 40)
  Global Optimization (Phase 41)
  Global Optimization (Phase 42)
    0:00:04      49.0      0.00       0.0       0.0                             45.6151
    0:00:04      49.0      0.00       0.0       0.0                             45.6151
    0:00:04      49.0      0.00       0.0       0.0                             45.6151
    0:00:04      49.0      0.00       0.0       0.0                             45.6151
    0:00:04      49.0      0.00       0.0       0.0                             45.6151
    0:00:04      49.0      0.00       0.0       0.0                             45.6151
    0:00:04      49.0      0.00       0.0       0.0                             45.6151
    0:00:04      49.0      0.00       0.0       0.0                             45.6151
    0:00:04      49.0      0.00       0.0       0.0                             45.6151
    0:00:04      49.0      0.00       0.0       0.0                             45.6151
    0:00:04      49.0      0.00       0.0       0.0                             45.6151
    0:00:04      49.0      0.00       0.0       0.0                             45.6151
    0:00:04      49.0      0.00       0.0       0.0                             45.6151
    0:00:04      49.0      0.00       0.0       0.0                             45.6151
    0:00:04      49.0      0.00       0.0       0.0                             45.6151
    0:00:04      49.0      0.00       0.0       0.0                             45.6151
    0:00:04      49.0      0.00       0.0       0.0                             45.6151
    0:00:04      49.0      0.00       0.0       0.0                             45.6151
    0:00:04      49.0      0.00       0.0       0.0                             45.6151
    0:00:04      49.0      0.00       0.0       0.0                             45.6151

                                  TOTAL                                                
   ELAPSED            WORST NEG   SETUP    DESIGN                              LEAKAGE 
    TIME      AREA      SLACK     COST    RULE COST         ENDPOINT            POWER  
  --------- --------- --------- --------- --------- ------------------------- ---------
    0:00:04      49.0      0.00       0.0       0.0                             45.6151
    0:00:04      49.0      0.00       0.0       0.0                             45.6151
    0:00:04      49.0      0.00       0.0       0.0                             45.6151
    0:00:05      49.0      0.00       0.0       0.0                             45.6151
    0:00:05      49.0      0.00       0.0       0.0                             45.6151
Loading db file '/tools2/courses/ee6321/share/ibm13rflpvt/synopsys/scx3_cmos8rf_lpvt_tt_1p2v_25c.db'


Note: Symbol # after min delay cost means estimated hold TNS across all active scenarios 


  Optimization Complete
  ---------------------
Information: Building the design 'InputLayerController'. (HDL-193)
Warning: Cannot find the design 'InputLayerController' in the library 'WORK'. (LBR-1)
Information: Building the design 'Layer1_Controller'. (HDL-193)
Warning: Cannot find the design 'Layer1_Controller' in the library 'WORK'. (LBR-1)
Information: Building the design 'Layer2_Controller'. (HDL-193)
Warning: Cannot find the design 'Layer2_Controller' in the library 'WORK'. (LBR-1)
Warning: Unable to resolve reference 'InputLayerController' in 'NN_Controler'. (LINK-5)
Warning: Unable to resolve reference 'Layer1_Controller' in 'NN_Controler'. (LINK-5)
Warning: Unable to resolve reference 'Layer2_Controller' in 'NN_Controler'. (LINK-5)
Information: State dependent leakage is now switched from off to on.
Information: Propagating switching activity (low effort zero delay simulation). (PWR-6)
Warning: There is no defined clock in the design. (PWR-80)
Warning: Design has unannotated black box outputs. (PWR-428)
1
#########################################
# Optimize design                       #
# Some pointers for possible optimizatio# 
# Check the DC reference manual         #
#########################################
#set_transform_for_retiming {temp_reg[6] temp_reg[5] temp_reg[4] temp_reg[3] temp_reg[2] temp_reg[1] temp_reg[0]} dont_retime
#optimize_registers -clock clk -edge rise -justification_effort high 
#balance_registers
#source -verbose "../script/timing.1.2ns.tcl"
#pipeline_design -stages 8 -clock_port_name $clk_name -check_design -verbose -print_critical_loop
#set_max_capacitance 1 [all_inputs] 
#compile_ultra -no_autoungroup -no_boundary_optimization
#remove_clock -all
#pipeline_design -stages 8 -clock_port_name $clk_name -async_reset reset -check_design -verbose -minimum_period_only
#########################################
# Write outputs                         #
#########################################
source -verbose "../common_script/namingrules.tcl"
1
Information: Building the design 'InputLayerController'. (HDL-193)
Warning: Cannot find the design 'InputLayerController' in the library 'WORK'. (LBR-1)
Information: Building the design 'Layer1_Controller'. (HDL-193)
Warning: Cannot find the design 'Layer1_Controller' in the library 'WORK'. (LBR-1)
Information: Building the design 'Layer2_Controller'. (HDL-193)
Warning: Cannot find the design 'Layer2_Controller' in the library 'WORK'. (LBR-1)
Warning: Unable to resolve reference 'InputLayerController' in 'NN_Controler'. (LINK-5)
Warning: Unable to resolve reference 'Layer1_Controller' in 'NN_Controler'. (LINK-5)
Warning: Unable to resolve reference 'Layer2_Controller' in 'NN_Controler'. (LINK-5)

Design          Type    Object                  New Name
--------------------------------------------------------------------------------
Warning: The specified replacement character (_) is conflicting with the specified allowed or restricted character.   (UCN-4)
NN_Controler    net     *Logic0*                n_Logic0_
1
1
set verilogout_no_tri TRUE
TRUE
write -hierarchy -format verilog -output "${top_level}.nl.v"
Warning: Design 'NN_Controler' has '3' unresolved references. For more detailed information, use the "link" command. (UID-341)
Writing verilog file '/homes/user/stud/fall18/srd2162/Documents/Project/AdvancedLogicProject/rtl/Synthesis/NNController/NNController.nl.v'.
1
#write_sdf -context verilog "${top_level}.temp.sdf"
write_sdc "${top_level}.syn.sdc" -version 1.7
Warning: Design 'NN_Controler' has '3' unresolved references. For more detailed information, use the "link" command. (UID-341)
1
write_sdf "${top_level}.syn.sdf"
Warning: Design 'NN_Controler' has '3' unresolved references. For more detailed information, use the "link" command. (UID-341)
Information: Annotated 'cell' delays are assumed to include load delay. (UID-282)
Information: Writing timing information to file '/homes/user/stud/fall18/srd2162/Documents/Project/AdvancedLogicProject/rtl/Synthesis/NNController/NNController.syn.sdf'. (WT-3)
Information: Updating design information... (UID-85)
Warning: Design contains black-box components.  These cells will have no timing information. (WT-7)
1
# Generate report file
set maxpaths 20
20
set rpt_file "${top_level}.dc.rpt"
NNController.dc.rpt
check_design > $rpt_file
report_area  >> ${rpt_file}
report_power -hier -analysis_effort medium >> ${rpt_file}
report_design >> ${rpt_file}
report_cell >> ${rpt_file}
report_port -verbose >> ${rpt_file}
report_compile_options >> ${rpt_file}
report_constraint -all_violators -verbose >> ${rpt_file}
report_timing -path full -delay max -max_paths $maxpaths -nworst 100 >> ${rpt_file}
report_timing -delay max -nworst 1 -max_paths 10000 -path end -nosplit -unique -sort_by slack > ${top_level}.syn.critical_regs
report_timing -delay max -nworst 1 -max_paths 10000 -path full -nosplit -unique -sort_by slack > ${top_level}.syn.critical_regs.full
report_timing -delay max -nworst 1 -max_paths 10000 -path end -nosplit -unique -sort_by slack -to [all_outputs] > ${top_level}.syn.critical_regs.output
report_timing -delay max -nworst 1 -max_paths 10000 -path end -nosplit -unique -sort_by slack -to [all_registers -data_pins] > ${top_level}.syn.critical_regs.regs
Warning: Design 'NN_Controler' has '3' unresolved references. For more detailed information, use the "link" command. (UID-341)
report_timing -delay min -nworst 1 -max_paths 10000 -path short -nosplit -unique -sort_by slack > ${top_level}.syn.fast_path
quit

Thank you...
