Warning: Design 'NN_Controler' has '3' unresolved references. For more detailed information, use the "link" command. (UID-341)
 
****************************************
check_design summary:
Version:     J-2014.09-SP2
Date:        Wed Dec 19 16:24:56 2018
****************************************

                   Name                                            Total
--------------------------------------------------------------------------------
Inputs/Outputs                                                     79
    Multiply driven inputs (LINT-6)                                55
    Unconnected ports (LINT-28)                                    24

Tristate                                                            4
    A tristate bus has a non tri-state driver (LINT-34)             4
--------------------------------------------------------------------------------

Warning: In design 'NN_Controler', input port 'reset' drives wired logic; the port direction may have been specified incorrectly. (LINT-6)
Warning: In design 'NN_Controler', input port 'masterClk' drives wired logic; the port direction may have been specified incorrectly. (LINT-6)
Warning: In design 'NN_Controler', input port 'inputsInbound' drives wired logic; the port direction may have been specified incorrectly. (LINT-6)
Warning: In design 'NN_Controler', input port 'predictionRecieved' drives wired logic; the port direction may have been specified incorrectly. (LINT-6)
Warning: In design 'NN_Controler', input port 'inputPixel' drives wired logic; the port direction may have been specified incorrectly. (LINT-6)
Warning: In design 'NN_Controler', input port 'WriteAddressSelect[9]' drives wired logic; the port direction may have been specified incorrectly. (LINT-6)
Warning: In design 'NN_Controler', input port 'WriteAddressSelect[8]' drives wired logic; the port direction may have been specified incorrectly. (LINT-6)
Warning: In design 'NN_Controler', input port 'WriteAddressSelect[7]' drives wired logic; the port direction may have been specified incorrectly. (LINT-6)
Warning: In design 'NN_Controler', input port 'WriteAddressSelect[6]' drives wired logic; the port direction may have been specified incorrectly. (LINT-6)
Warning: In design 'NN_Controler', input port 'WriteAddressSelect[5]' drives wired logic; the port direction may have been specified incorrectly. (LINT-6)
Warning: In design 'NN_Controler', input port 'WriteAddressSelect[4]' drives wired logic; the port direction may have been specified incorrectly. (LINT-6)
Warning: In design 'NN_Controler', input port 'WriteAddressSelect[3]' drives wired logic; the port direction may have been specified incorrectly. (LINT-6)
Warning: In design 'NN_Controler', input port 'WriteAddressSelect[2]' drives wired logic; the port direction may have been specified incorrectly. (LINT-6)
Warning: In design 'NN_Controler', input port 'WriteAddressSelect[1]' drives wired logic; the port direction may have been specified incorrectly. (LINT-6)
Warning: In design 'NN_Controler', input port 'WriteAddressSelect[0]' drives wired logic; the port direction may have been specified incorrectly. (LINT-6)
Warning: In design 'NN_Controler', input port 'writeIn[39]' drives wired logic; the port direction may have been specified incorrectly. (LINT-6)
Warning: In design 'NN_Controler', input port 'writeIn[38]' drives wired logic; the port direction may have been specified incorrectly. (LINT-6)
Warning: In design 'NN_Controler', input port 'writeIn[37]' drives wired logic; the port direction may have been specified incorrectly. (LINT-6)
Warning: In design 'NN_Controler', input port 'writeIn[36]' drives wired logic; the port direction may have been specified incorrectly. (LINT-6)
Warning: In design 'NN_Controler', input port 'writeIn[35]' drives wired logic; the port direction may have been specified incorrectly. (LINT-6)
Warning: In design 'NN_Controler', input port 'writeIn[34]' drives wired logic; the port direction may have been specified incorrectly. (LINT-6)
Warning: In design 'NN_Controler', input port 'writeIn[33]' drives wired logic; the port direction may have been specified incorrectly. (LINT-6)
Warning: In design 'NN_Controler', input port 'writeIn[32]' drives wired logic; the port direction may have been specified incorrectly. (LINT-6)
Warning: In design 'NN_Controler', input port 'writeIn[31]' drives wired logic; the port direction may have been specified incorrectly. (LINT-6)
Warning: In design 'NN_Controler', input port 'writeIn[30]' drives wired logic; the port direction may have been specified incorrectly. (LINT-6)
Warning: In design 'NN_Controler', input port 'writeIn[29]' drives wired logic; the port direction may have been specified incorrectly. (LINT-6)
Warning: In design 'NN_Controler', input port 'writeIn[28]' drives wired logic; the port direction may have been specified incorrectly. (LINT-6)
Warning: In design 'NN_Controler', input port 'writeIn[27]' drives wired logic; the port direction may have been specified incorrectly. (LINT-6)
Warning: In design 'NN_Controler', input port 'writeIn[26]' drives wired logic; the port direction may have been specified incorrectly. (LINT-6)
Warning: In design 'NN_Controler', input port 'writeIn[25]' drives wired logic; the port direction may have been specified incorrectly. (LINT-6)
Warning: In design 'NN_Controler', input port 'writeIn[24]' drives wired logic; the port direction may have been specified incorrectly. (LINT-6)
Warning: In design 'NN_Controler', input port 'writeIn[23]' drives wired logic; the port direction may have been specified incorrectly. (LINT-6)
Warning: In design 'NN_Controler', input port 'writeIn[22]' drives wired logic; the port direction may have been specified incorrectly. (LINT-6)
Warning: In design 'NN_Controler', input port 'writeIn[21]' drives wired logic; the port direction may have been specified incorrectly. (LINT-6)
Warning: In design 'NN_Controler', input port 'writeIn[20]' drives wired logic; the port direction may have been specified incorrectly. (LINT-6)
Warning: In design 'NN_Controler', input port 'writeIn[19]' drives wired logic; the port direction may have been specified incorrectly. (LINT-6)
Warning: In design 'NN_Controler', input port 'writeIn[18]' drives wired logic; the port direction may have been specified incorrectly. (LINT-6)
Warning: In design 'NN_Controler', input port 'writeIn[17]' drives wired logic; the port direction may have been specified incorrectly. (LINT-6)
Warning: In design 'NN_Controler', input port 'writeIn[16]' drives wired logic; the port direction may have been specified incorrectly. (LINT-6)
Warning: In design 'NN_Controler', input port 'writeIn[15]' drives wired logic; the port direction may have been specified incorrectly. (LINT-6)
Warning: In design 'NN_Controler', input port 'writeIn[14]' drives wired logic; the port direction may have been specified incorrectly. (LINT-6)
Warning: In design 'NN_Controler', input port 'writeIn[13]' drives wired logic; the port direction may have been specified incorrectly. (LINT-6)
Warning: In design 'NN_Controler', input port 'writeIn[12]' drives wired logic; the port direction may have been specified incorrectly. (LINT-6)
Warning: In design 'NN_Controler', input port 'writeIn[11]' drives wired logic; the port direction may have been specified incorrectly. (LINT-6)
Warning: In design 'NN_Controler', input port 'writeIn[10]' drives wired logic; the port direction may have been specified incorrectly. (LINT-6)
Warning: In design 'NN_Controler', input port 'writeIn[9]' drives wired logic; the port direction may have been specified incorrectly. (LINT-6)
Warning: In design 'NN_Controler', input port 'writeIn[8]' drives wired logic; the port direction may have been specified incorrectly. (LINT-6)
Warning: In design 'NN_Controler', input port 'writeIn[7]' drives wired logic; the port direction may have been specified incorrectly. (LINT-6)
Warning: In design 'NN_Controler', input port 'writeIn[6]' drives wired logic; the port direction may have been specified incorrectly. (LINT-6)
Warning: In design 'NN_Controler', input port 'writeIn[5]' drives wired logic; the port direction may have been specified incorrectly. (LINT-6)
Warning: In design 'NN_Controler', input port 'writeIn[4]' drives wired logic; the port direction may have been specified incorrectly. (LINT-6)
Warning: In design 'NN_Controler', input port 'writeIn[3]' drives wired logic; the port direction may have been specified incorrectly. (LINT-6)
Warning: In design 'NN_Controler', input port 'writeIn[2]' drives wired logic; the port direction may have been specified incorrectly. (LINT-6)
Warning: In design 'NN_Controler', input port 'writeIn[1]' drives wired logic; the port direction may have been specified incorrectly. (LINT-6)
Warning: In design 'NN_Controler', input port 'writeIn[0]' drives wired logic; the port direction may have been specified incorrectly. (LINT-6)
Warning: In design 'NN_Controler', port 'writeIn[63]' is not connected to any nets. (LINT-28)
Warning: In design 'NN_Controler', port 'writeIn[62]' is not connected to any nets. (LINT-28)
Warning: In design 'NN_Controler', port 'writeIn[61]' is not connected to any nets. (LINT-28)
Warning: In design 'NN_Controler', port 'writeIn[60]' is not connected to any nets. (LINT-28)
Warning: In design 'NN_Controler', port 'writeIn[59]' is not connected to any nets. (LINT-28)
Warning: In design 'NN_Controler', port 'writeIn[58]' is not connected to any nets. (LINT-28)
Warning: In design 'NN_Controler', port 'writeIn[57]' is not connected to any nets. (LINT-28)
Warning: In design 'NN_Controler', port 'writeIn[56]' is not connected to any nets. (LINT-28)
Warning: In design 'NN_Controler', port 'writeIn[55]' is not connected to any nets. (LINT-28)
Warning: In design 'NN_Controler', port 'writeIn[54]' is not connected to any nets. (LINT-28)
Warning: In design 'NN_Controler', port 'writeIn[53]' is not connected to any nets. (LINT-28)
Warning: In design 'NN_Controler', port 'writeIn[52]' is not connected to any nets. (LINT-28)
Warning: In design 'NN_Controler', port 'writeIn[51]' is not connected to any nets. (LINT-28)
Warning: In design 'NN_Controler', port 'writeIn[50]' is not connected to any nets. (LINT-28)
Warning: In design 'NN_Controler', port 'writeIn[49]' is not connected to any nets. (LINT-28)
Warning: In design 'NN_Controler', port 'writeIn[48]' is not connected to any nets. (LINT-28)
Warning: In design 'NN_Controler', port 'writeIn[47]' is not connected to any nets. (LINT-28)
Warning: In design 'NN_Controler', port 'writeIn[46]' is not connected to any nets. (LINT-28)
Warning: In design 'NN_Controler', port 'writeIn[45]' is not connected to any nets. (LINT-28)
Warning: In design 'NN_Controler', port 'writeIn[44]' is not connected to any nets. (LINT-28)
Warning: In design 'NN_Controler', port 'writeIn[43]' is not connected to any nets. (LINT-28)
Warning: In design 'NN_Controler', port 'writeIn[42]' is not connected to any nets. (LINT-28)
Warning: In design 'NN_Controler', port 'writeIn[41]' is not connected to any nets. (LINT-28)
Warning: In design 'NN_Controler', port 'writeIn[40]' is not connected to any nets. (LINT-28)
Warning: In design 'NN_Controler', three-state bus 'L2_BiasWriteEnable' has non three-state driver 'U4/Y'. (LINT-34)
Warning: In design 'NN_Controler', three-state bus 'L2_WeightWriteEnable' has non three-state driver 'U5/Y'. (LINT-34)
Warning: In design 'NN_Controler', three-state bus 'L1_BiasWriteEnable' has non three-state driver 'U6/Y'. (LINT-34)
Warning: In design 'NN_Controler', three-state bus 'L1_WeightWriteEnable' has non three-state driver 'U7/Y'. (LINT-34)
1
Warning: Design 'NN_Controler' has '3' unresolved references. For more detailed information, use the "link" command. (UID-341)
 
****************************************
Report : area
Design : NN_Controler
Version: J-2014.09-SP2
Date   : Wed Dec 19 16:24:56 2018
****************************************

Library(s) Used:

    scx3_cmos8rf_lpvt_tt_1p2v_25c (File: /tools2/courses/ee6321/share/ibm13rflpvt/synopsys/scx3_cmos8rf_lpvt_tt_1p2v_25c.db)

Number of ports:                           88
Number of nets:                           110
Number of cells:                            9
Number of combinational cells:              6
Number of sequential cells:                 3
Number of macros/black boxes:               0
Number of buf/inv:                          2
Number of references:                       5

Combinational area:                 48.960000
Buf/Inv area:                        8.640000
Noncombinational area:               0.000000
Macro/Black Box area:                0.000000
Net Interconnect area:      undefined  (No wire load specified)

Total cell area:                    48.960000
Total area:                 undefined

Information: This design contains black box (unknown) components. (RPT-8)
1
Information: Propagating switching activity (medium effort zero delay simulation). (PWR-6)
Warning: There is no defined clock in the design. (PWR-80)
Warning: Design has unannotated primary inputs. (PWR-414)
Warning: Design has unannotated black box outputs. (PWR-428)
 
****************************************
Report : power
        -hier
        -analysis_effort medium
Design : NN_Controler
Version: J-2014.09-SP2
Date   : Wed Dec 19 16:24:56 2018
****************************************


Library(s) Used:

    scx3_cmos8rf_lpvt_tt_1p2v_25c (File: /tools2/courses/ee6321/share/ibm13rflpvt/synopsys/scx3_cmos8rf_lpvt_tt_1p2v_25c.db)


Operating Conditions: tt_1p2v_25c   Library: scx3_cmos8rf_lpvt_tt_1p2v_25c
Wire Load Model Mode: top


Global Operating Voltage = 1.2  
Power-specific unit information :
    Voltage Units = 1V
    Capacitance Units = 1.000000pf
    Time Units = 1ns
    Dynamic Power Units = 1mW    (derived from V,C,T units)
    Leakage Power Units = 1pW


--------------------------------------------------------------------------------
                                       Switch   Int      Leak     Total
Hierarchy                              Power    Power    Power    Power    %
--------------------------------------------------------------------------------
NN_Controler                           3.14e-03 2.19e-03   44.400 5.33e-03 100.0
1
Warning: Design 'NN_Controler' has '3' unresolved references. For more detailed information, use the "link" command. (UID-341)
 
****************************************
Report : design
Design : NN_Controler
Version: J-2014.09-SP2
Date   : Wed Dec 19 16:24:56 2018
****************************************

Design allows ideal nets on clock nets.

Library(s) Used:

    scx3_cmos8rf_lpvt_tt_1p2v_25c (File: /tools2/courses/ee6321/share/ibm13rflpvt/synopsys/scx3_cmos8rf_lpvt_tt_1p2v_25c.db)

Local Link Library:

    {/tools2/courses/ee6321/share/ibm13rflpvt/synopsys/scx3_cmos8rf_lpvt_tt_1p2v_25c.db}

Flip-Flop Types:

    No flip-flop types specified.

Latch Types:

    No latch types specified.

Operating Conditions:


    Operating Condition Name : tt_1p2v_25c
    Library : scx3_cmos8rf_lpvt_tt_1p2v_25c
    Process :   1.00
    Temperature :  25.00
    Voltage :   1.20
    Interconnect Model : balanced_tree

Wire Loading Model:

    No wire loading specified.


Wire Loading Model Mode: top.

Timing Ranges:

    No timing ranges specified.

Pin Input Delays:

    None specified.

Pin Output Delays:

    None specified.

Disabled Timing Arcs:

    No arcs disabled.

Required Licenses:

    None Required

Design Parameters:

    None specified.

Information: This design contains black box (unknown) components. (RPT-8)
1
Warning: Design 'NN_Controler' has '3' unresolved references. For more detailed information, use the "link" command. (UID-341)
 
****************************************
Report : cell
Design : NN_Controler
Version: J-2014.09-SP2
Date   : Wed Dec 19 16:24:56 2018
****************************************

Attributes:
    b - black box (unknown)
    h - hierarchical
    n - noncombinational
    r - removable
   so - sizing only
    u - contains unmapped logic

Cell                      Reference       Library             Area  Attributes
--------------------------------------------------------------------------------
InputLayer                InputLayerController            0.000000  b
Layer1                    Layer1_Controller               0.000000  b
Layer2                    Layer2_Controller               0.000000  b
U4                        AO22XLTS        scx3_cmos8rf_lpvt_tt_1p2v_25c
                                                          10.080000 so
U5                        AO22XLTS        scx3_cmos8rf_lpvt_tt_1p2v_25c
                                                          10.080000 so
U6                        AO22XLTS        scx3_cmos8rf_lpvt_tt_1p2v_25c
                                                          10.080000 so
U7                        AO22XLTS        scx3_cmos8rf_lpvt_tt_1p2v_25c
                                                          10.080000 so
U8                        INVX2TS         scx3_cmos8rf_lpvt_tt_1p2v_25c
                                                          4.320000  
U9                        INVX2TS         scx3_cmos8rf_lpvt_tt_1p2v_25c
                                                          4.320000  
--------------------------------------------------------------------------------
Total 9 cells                                             48.960000
1
Warning: Design 'NN_Controler' has '3' unresolved references. For more detailed information, use the "link" command. (UID-341)
 
****************************************
Report : port
        -verbose
Design : NN_Controler
Version: J-2014.09-SP2
Date   : Wed Dec 19 16:24:56 2018
****************************************


                       Pin      Wire     Max     Max     Connection
Port           Dir     Load     Load     Trans   Cap     Class      Attrs
--------------------------------------------------------------------------------
LayerWriteSelect
               in      0.0000   0.0000    1.02    0.00   --         
WriteAddressSelect[0]
               in      0.0000   0.0000    1.02    0.00   --         
WriteAddressSelect[1]
               in      0.0000   0.0000    1.02    0.00   --         
WriteAddressSelect[2]
               in      0.0000   0.0000    1.02    0.00   --         
WriteAddressSelect[3]
               in      0.0000   0.0000    1.02    0.00   --         
WriteAddressSelect[4]
               in      0.0000   0.0000    1.02    0.00   --         
WriteAddressSelect[5]
               in      0.0000   0.0000    1.02    0.00   --         
WriteAddressSelect[6]
               in      0.0000   0.0000    1.02    0.00   --         
WriteAddressSelect[7]
               in      0.0000   0.0000    1.02    0.00   --         
WriteAddressSelect[8]
               in      0.0000   0.0000    1.02    0.00   --         
WriteAddressSelect[9]
               in      0.0000   0.0000    1.02    0.00   --         
biasWriteEnable
               in      0.0000   0.0000    1.02    0.00   --         
inputPixel     in      0.0000   0.0000    1.02    0.00   --         
inputsInbound  in      0.0000   0.0000    1.02    0.00   --         
masterClk      in      0.0000   0.0000    1.02    0.00   --         
predictionRecieved
               in      0.0000   0.0000    1.02    0.00   --         
reset          in      0.0000   0.0000    1.02    0.00   --         
weightWriteEnable
               in      0.0000   0.0000    1.02    0.00   --         
writeIn[0]     in      0.0000   0.0000    1.02    0.00   --         
writeIn[1]     in      0.0000   0.0000    1.02    0.00   --         
writeIn[2]     in      0.0000   0.0000    1.02    0.00   --         
writeIn[3]     in      0.0000   0.0000    1.02    0.00   --         
writeIn[4]     in      0.0000   0.0000    1.02    0.00   --         
writeIn[5]     in      0.0000   0.0000    1.02    0.00   --         
writeIn[6]     in      0.0000   0.0000    1.02    0.00   --         
writeIn[7]     in      0.0000   0.0000    1.02    0.00   --         
writeIn[8]     in      0.0000   0.0000    1.02    0.00   --         
writeIn[9]     in      0.0000   0.0000    1.02    0.00   --         
writeIn[10]    in      0.0000   0.0000    1.02    0.00   --         
writeIn[11]    in      0.0000   0.0000    1.02    0.00   --         
writeIn[12]    in      0.0000   0.0000    1.02    0.00   --         
writeIn[13]    in      0.0000   0.0000    1.02    0.00   --         
writeIn[14]    in      0.0000   0.0000    1.02    0.00   --         
writeIn[15]    in      0.0000   0.0000    1.02    0.00   --         
writeIn[16]    in      0.0000   0.0000    1.02    0.00   --         
writeIn[17]    in      0.0000   0.0000    1.02    0.00   --         
writeIn[18]    in      0.0000   0.0000    1.02    0.00   --         
writeIn[19]    in      0.0000   0.0000    1.02    0.00   --         
writeIn[20]    in      0.0000   0.0000    1.02    0.00   --         
writeIn[21]    in      0.0000   0.0000    1.02    0.00   --         
writeIn[22]    in      0.0000   0.0000    1.02    0.00   --         
writeIn[23]    in      0.0000   0.0000    1.02    0.00   --         
writeIn[24]    in      0.0000   0.0000    1.02    0.00   --         
writeIn[25]    in      0.0000   0.0000    1.02    0.00   --         
writeIn[26]    in      0.0000   0.0000    1.02    0.00   --         
writeIn[27]    in      0.0000   0.0000    1.02    0.00   --         
writeIn[28]    in      0.0000   0.0000    1.02    0.00   --         
writeIn[29]    in      0.0000   0.0000    1.02    0.00   --         
writeIn[30]    in      0.0000   0.0000    1.02    0.00   --         
writeIn[31]    in      0.0000   0.0000    1.02    0.00   --         
writeIn[32]    in      0.0000   0.0000    1.02    0.00   --         
writeIn[33]    in      0.0000   0.0000    1.02    0.00   --         
writeIn[34]    in      0.0000   0.0000    1.02    0.00   --         
writeIn[35]    in      0.0000   0.0000    1.02    0.00   --         
writeIn[36]    in      0.0000   0.0000    1.02    0.00   --         
writeIn[37]    in      0.0000   0.0000    1.02    0.00   --         
writeIn[38]    in      0.0000   0.0000    1.02    0.00   --         
writeIn[39]    in      0.0000   0.0000    1.02    0.00   --         
writeIn[40]    in      0.0000   0.0000    1.02    0.00   --         
writeIn[41]    in      0.0000   0.0000    1.02    0.00   --         
writeIn[42]    in      0.0000   0.0000    1.02    0.00   --         
writeIn[43]    in      0.0000   0.0000    1.02    0.00   --         
writeIn[44]    in      0.0000   0.0000    1.02    0.00   --         
writeIn[45]    in      0.0000   0.0000    1.02    0.00   --         
writeIn[46]    in      0.0000   0.0000    1.02    0.00   --         
writeIn[47]    in      0.0000   0.0000    1.02    0.00   --         
writeIn[48]    in      0.0000   0.0000    1.02    0.00   --         
writeIn[49]    in      0.0000   0.0000    1.02    0.00   --         
writeIn[50]    in      0.0000   0.0000    1.02    0.00   --         
writeIn[51]    in      0.0000   0.0000    1.02    0.00   --         
writeIn[52]    in      0.0000   0.0000    1.02    0.00   --         
writeIn[53]    in      0.0000   0.0000    1.02    0.00   --         
writeIn[54]    in      0.0000   0.0000    1.02    0.00   --         
writeIn[55]    in      0.0000   0.0000    1.02    0.00   --         
writeIn[56]    in      0.0000   0.0000    1.02    0.00   --         
writeIn[57]    in      0.0000   0.0000    1.02    0.00   --         
writeIn[58]    in      0.0000   0.0000    1.02    0.00   --         
writeIn[59]    in      0.0000   0.0000    1.02    0.00   --         
writeIn[60]    in      0.0000   0.0000    1.02    0.00   --         
writeIn[61]    in      0.0000   0.0000    1.02    0.00   --         
writeIn[62]    in      0.0000   0.0000    1.02    0.00   --         
writeIn[63]    in      0.0000   0.0000    1.02    0.00   --         
predictionOut[0]
               out     0.0050   0.0000   --      --      --         
predictionOut[1]
               out     0.0050   0.0000   --      --      --         
predictionOut[2]
               out     0.0050   0.0000   --      --      --         
predictionOut[3]
               out     0.0050   0.0000   --      --      --         
predictionReady
               out     0.0050   0.0000   --      --      --         
readyForInputs out     0.0050   0.0000   --      --      --         


              External  Max             Min                Min       Min
              Number    Wireload        Wireload           Pin       Wire
Port          Points    Model           Model              Load      Load
--------------------------------------------------------------------------------
LayerWriteSelect
                   1      --              --              --        -- 
WriteAddressSelect[0]
                   1      --              --              --        -- 
WriteAddressSelect[1]
                   1      --              --              --        -- 
WriteAddressSelect[2]
                   1      --              --              --        -- 
WriteAddressSelect[3]
                   1      --              --              --        -- 
WriteAddressSelect[4]
                   1      --              --              --        -- 
WriteAddressSelect[5]
                   1      --              --              --        -- 
WriteAddressSelect[6]
                   1      --              --              --        -- 
WriteAddressSelect[7]
                   1      --              --              --        -- 
WriteAddressSelect[8]
                   1      --              --              --        -- 
WriteAddressSelect[9]
                   1      --              --              --        -- 
biasWriteEnable
                   1      --              --              --        -- 
inputPixel         1      --              --              --        -- 
inputsInbound      1      --              --              --        -- 
masterClk          1      --              --              --        -- 
predictionRecieved
                   1      --              --              --        -- 
reset              1      --              --              --        -- 
weightWriteEnable
                   1      --              --              --        -- 
writeIn[0]         1      --              --              --        -- 
writeIn[1]         1      --              --              --        -- 
writeIn[2]         1      --              --              --        -- 
writeIn[3]         1      --              --              --        -- 
writeIn[4]         1      --              --              --        -- 
writeIn[5]         1      --              --              --        -- 
writeIn[6]         1      --              --              --        -- 
writeIn[7]         1      --              --              --        -- 
writeIn[8]         1      --              --              --        -- 
writeIn[9]         1      --              --              --        -- 
writeIn[10]        1      --              --              --        -- 
writeIn[11]        1      --              --              --        -- 
writeIn[12]        1      --              --              --        -- 
writeIn[13]        1      --              --              --        -- 
writeIn[14]        1      --              --              --        -- 
writeIn[15]        1      --              --              --        -- 
writeIn[16]        1      --              --              --        -- 
writeIn[17]        1      --              --              --        -- 
writeIn[18]        1      --              --              --        -- 
writeIn[19]        1      --              --              --        -- 
writeIn[20]        1      --              --              --        -- 
writeIn[21]        1      --              --              --        -- 
writeIn[22]        1      --              --              --        -- 
writeIn[23]        1      --              --              --        -- 
writeIn[24]        1      --              --              --        -- 
writeIn[25]        1      --              --              --        -- 
writeIn[26]        1      --              --              --        -- 
writeIn[27]        1      --              --              --        -- 
writeIn[28]        1      --              --              --        -- 
writeIn[29]        1      --              --              --        -- 
writeIn[30]        1      --              --              --        -- 
writeIn[31]        1      --              --              --        -- 
writeIn[32]        1      --              --              --        -- 
writeIn[33]        1      --              --              --        -- 
writeIn[34]        1      --              --              --        -- 
writeIn[35]        1      --              --              --        -- 
writeIn[36]        1      --              --              --        -- 
writeIn[37]        1      --              --              --        -- 
writeIn[38]        1      --              --              --        -- 
writeIn[39]        1      --              --              --        -- 
writeIn[40]        1      --              --              --        -- 
writeIn[41]        1      --              --              --        -- 
writeIn[42]        1      --              --              --        -- 
writeIn[43]        1      --              --              --        -- 
writeIn[44]        1      --              --              --        -- 
writeIn[45]        1      --              --              --        -- 
writeIn[46]        1      --              --              --        -- 
writeIn[47]        1      --              --              --        -- 
writeIn[48]        1      --              --              --        -- 
writeIn[49]        1      --              --              --        -- 
writeIn[50]        1      --              --              --        -- 
writeIn[51]        1      --              --              --        -- 
writeIn[52]        1      --              --              --        -- 
writeIn[53]        1      --              --              --        -- 
writeIn[54]        1      --              --              --        -- 
writeIn[55]        1      --              --              --        -- 
writeIn[56]        1      --              --              --        -- 
writeIn[57]        1      --              --              --        -- 
writeIn[58]        1      --              --              --        -- 
writeIn[59]        1      --              --              --        -- 
writeIn[60]        1      --              --              --        -- 
writeIn[61]        1      --              --              --        -- 
writeIn[62]        1      --              --              --        -- 
writeIn[63]        1      --              --              --        -- 
predictionOut[0]
                   1      --              --              --        -- 
predictionOut[1]
                   1      --              --              --        -- 
predictionOut[2]
                   1      --              --              --        -- 
predictionOut[3]
                   1      --              --              --        -- 
predictionReady
                   1      --              --              --        -- 
readyForInputs
                   1      --              --              --        -- 

                    Input Delay
                  Min             Max       Related   Max
Input Port    Rise    Fall    Rise    Fall   Clock  Fanout
--------------------------------------------------------------------------------
LayerWriteSelect
              --      --      --      --      --      4.00
WriteAddressSelect[0]
              --      --      --      --      --      4.00
WriteAddressSelect[1]
              --      --      --      --      --      4.00
WriteAddressSelect[2]
              --      --      --      --      --      4.00
WriteAddressSelect[3]
              --      --      --      --      --      4.00
WriteAddressSelect[4]
              --      --      --      --      --      4.00
WriteAddressSelect[5]
              --      --      --      --      --      4.00
WriteAddressSelect[6]
              --      --      --      --      --      4.00
WriteAddressSelect[7]
              --      --      --      --      --      4.00
WriteAddressSelect[8]
              --      --      --      --      --      4.00
WriteAddressSelect[9]
              --      --      --      --      --      4.00
biasWriteEnable
              --      --      --      --      --      4.00
inputPixel    --      --      --      --      --      4.00
inputsInbound
              --      --      --      --      --      4.00
masterClk     --      --      --      --      --      4.00
predictionRecieved
              --      --      --      --      --      4.00
reset         --      --      --      --      --      4.00
weightWriteEnable
              --      --      --      --      --      4.00
writeIn[0]    --      --      --      --      --      4.00
writeIn[1]    --      --      --      --      --      4.00
writeIn[2]    --      --      --      --      --      4.00
writeIn[3]    --      --      --      --      --      4.00
writeIn[4]    --      --      --      --      --      4.00
writeIn[5]    --      --      --      --      --      4.00
writeIn[6]    --      --      --      --      --      4.00
writeIn[7]    --      --      --      --      --      4.00
writeIn[8]    --      --      --      --      --      4.00
writeIn[9]    --      --      --      --      --      4.00
writeIn[10]   --      --      --      --      --      4.00
writeIn[11]   --      --      --      --      --      4.00
writeIn[12]   --      --      --      --      --      4.00
writeIn[13]   --      --      --      --      --      4.00
writeIn[14]   --      --      --      --      --      4.00
writeIn[15]   --      --      --      --      --      4.00
writeIn[16]   --      --      --      --      --      4.00
writeIn[17]   --      --      --      --      --      4.00
writeIn[18]   --      --      --      --      --      4.00
writeIn[19]   --      --      --      --      --      4.00
writeIn[20]   --      --      --      --      --      4.00
writeIn[21]   --      --      --      --      --      4.00
writeIn[22]   --      --      --      --      --      4.00
writeIn[23]   --      --      --      --      --      4.00
writeIn[24]   --      --      --      --      --      4.00
writeIn[25]   --      --      --      --      --      4.00
writeIn[26]   --      --      --      --      --      4.00
writeIn[27]   --      --      --      --      --      4.00
writeIn[28]   --      --      --      --      --      4.00
writeIn[29]   --      --      --      --      --      4.00
writeIn[30]   --      --      --      --      --      4.00
writeIn[31]   --      --      --      --      --      4.00
writeIn[32]   --      --      --      --      --      4.00
writeIn[33]   --      --      --      --      --      4.00
writeIn[34]   --      --      --      --      --      4.00
writeIn[35]   --      --      --      --      --      4.00
writeIn[36]   --      --      --      --      --      4.00
writeIn[37]   --      --      --      --      --      4.00
writeIn[38]   --      --      --      --      --      4.00
writeIn[39]   --      --      --      --      --      4.00
writeIn[40]   --      --      --      --      --      4.00
writeIn[41]   --      --      --      --      --      4.00
writeIn[42]   --      --      --      --      --      4.00
writeIn[43]   --      --      --      --      --      4.00
writeIn[44]   --      --      --      --      --      4.00
writeIn[45]   --      --      --      --      --      4.00
writeIn[46]   --      --      --      --      --      4.00
writeIn[47]   --      --      --      --      --      4.00
writeIn[48]   --      --      --      --      --      4.00
writeIn[49]   --      --      --      --      --      4.00
writeIn[50]   --      --      --      --      --      4.00
writeIn[51]   --      --      --      --      --      4.00
writeIn[52]   --      --      --      --      --      4.00
writeIn[53]   --      --      --      --      --      4.00
writeIn[54]   --      --      --      --      --      4.00
writeIn[55]   --      --      --      --      --      4.00
writeIn[56]   --      --      --      --      --      4.00
writeIn[57]   --      --      --      --      --      4.00
writeIn[58]   --      --      --      --      --      4.00
writeIn[59]   --      --      --      --      --      4.00
writeIn[60]   --      --      --      --      --      4.00
writeIn[61]   --      --      --      --      --      4.00
writeIn[62]   --      --      --      --      --      4.00
writeIn[63]   --      --      --      --      --      4.00


                    Driving Cell
Input Port   Rise(min/max)      Fall(min/max)      Mult(min/max)  Attrs(min/max)
--------------------------------------------------------------------------------
LayerWriteSelect
             INVX1TS            INVX1TS              -- /  --     
WriteAddressSelect[0]
             INVX1TS            INVX1TS              -- /  --     
WriteAddressSelect[1]
             INVX1TS            INVX1TS              -- /  --     
WriteAddressSelect[2]
             INVX1TS            INVX1TS              -- /  --     
WriteAddressSelect[3]
             INVX1TS            INVX1TS              -- /  --     
WriteAddressSelect[4]
             INVX1TS            INVX1TS              -- /  --     
WriteAddressSelect[5]
             INVX1TS            INVX1TS              -- /  --     
WriteAddressSelect[6]
             INVX1TS            INVX1TS              -- /  --     
WriteAddressSelect[7]
             INVX1TS            INVX1TS              -- /  --     
WriteAddressSelect[8]
             INVX1TS            INVX1TS              -- /  --     
WriteAddressSelect[9]
             INVX1TS            INVX1TS              -- /  --     
biasWriteEnable
             INVX1TS            INVX1TS              -- /  --     
inputPixel   INVX1TS            INVX1TS              -- /  --     
inputsInbound
             INVX1TS            INVX1TS              -- /  --     
masterClk    INVX1TS            INVX1TS              -- /  --     
predictionRecieved
             INVX1TS            INVX1TS              -- /  --     
reset        INVX1TS            INVX1TS              -- /  --     
weightWriteEnable
             INVX1TS            INVX1TS              -- /  --     
writeIn[0]   INVX1TS            INVX1TS              -- /  --     
writeIn[1]   INVX1TS            INVX1TS              -- /  --     
writeIn[2]   INVX1TS            INVX1TS              -- /  --     
writeIn[3]   INVX1TS            INVX1TS              -- /  --     
writeIn[4]   INVX1TS            INVX1TS              -- /  --     
writeIn[5]   INVX1TS            INVX1TS              -- /  --     
writeIn[6]   INVX1TS            INVX1TS              -- /  --     
writeIn[7]   INVX1TS            INVX1TS              -- /  --     
writeIn[8]   INVX1TS            INVX1TS              -- /  --     
writeIn[9]   INVX1TS            INVX1TS              -- /  --     
writeIn[10]  INVX1TS            INVX1TS              -- /  --     
writeIn[11]  INVX1TS            INVX1TS              -- /  --     
writeIn[12]  INVX1TS            INVX1TS              -- /  --     
writeIn[13]  INVX1TS            INVX1TS              -- /  --     
writeIn[14]  INVX1TS            INVX1TS              -- /  --     
writeIn[15]  INVX1TS            INVX1TS              -- /  --     
writeIn[16]  INVX1TS            INVX1TS              -- /  --     
writeIn[17]  INVX1TS            INVX1TS              -- /  --     
writeIn[18]  INVX1TS            INVX1TS              -- /  --     
writeIn[19]  INVX1TS            INVX1TS              -- /  --     
writeIn[20]  INVX1TS            INVX1TS              -- /  --     
writeIn[21]  INVX1TS            INVX1TS              -- /  --     
writeIn[22]  INVX1TS            INVX1TS              -- /  --     
writeIn[23]  INVX1TS            INVX1TS              -- /  --     
writeIn[24]  INVX1TS            INVX1TS              -- /  --     
writeIn[25]  INVX1TS            INVX1TS              -- /  --     
writeIn[26]  INVX1TS            INVX1TS              -- /  --     
writeIn[27]  INVX1TS            INVX1TS              -- /  --     
writeIn[28]  INVX1TS            INVX1TS              -- /  --     
writeIn[29]  INVX1TS            INVX1TS              -- /  --     
writeIn[30]  INVX1TS            INVX1TS              -- /  --     
writeIn[31]  INVX1TS            INVX1TS              -- /  --     
writeIn[32]  INVX1TS            INVX1TS              -- /  --     
writeIn[33]  INVX1TS            INVX1TS              -- /  --     
writeIn[34]  INVX1TS            INVX1TS              -- /  --     
writeIn[35]  INVX1TS            INVX1TS              -- /  --     
writeIn[36]  INVX1TS            INVX1TS              -- /  --     
writeIn[37]  INVX1TS            INVX1TS              -- /  --     
writeIn[38]  INVX1TS            INVX1TS              -- /  --     
writeIn[39]  INVX1TS            INVX1TS              -- /  --     
writeIn[40]  INVX1TS            INVX1TS              -- /  --     
writeIn[41]  INVX1TS            INVX1TS              -- /  --     
writeIn[42]  INVX1TS            INVX1TS              -- /  --     
writeIn[43]  INVX1TS            INVX1TS              -- /  --     
writeIn[44]  INVX1TS            INVX1TS              -- /  --     
writeIn[45]  INVX1TS            INVX1TS              -- /  --     
writeIn[46]  INVX1TS            INVX1TS              -- /  --     
writeIn[47]  INVX1TS            INVX1TS              -- /  --     
writeIn[48]  INVX1TS            INVX1TS              -- /  --     
writeIn[49]  INVX1TS            INVX1TS              -- /  --     
writeIn[50]  INVX1TS            INVX1TS              -- /  --     
writeIn[51]  INVX1TS            INVX1TS              -- /  --     
writeIn[52]  INVX1TS            INVX1TS              -- /  --     
writeIn[53]  INVX1TS            INVX1TS              -- /  --     
writeIn[54]  INVX1TS            INVX1TS              -- /  --     
writeIn[55]  INVX1TS            INVX1TS              -- /  --     
writeIn[56]  INVX1TS            INVX1TS              -- /  --     
writeIn[57]  INVX1TS            INVX1TS              -- /  --     
writeIn[58]  INVX1TS            INVX1TS              -- /  --     
writeIn[59]  INVX1TS            INVX1TS              -- /  --     
writeIn[60]  INVX1TS            INVX1TS              -- /  --     
writeIn[61]  INVX1TS            INVX1TS              -- /  --     
writeIn[62]  INVX1TS            INVX1TS              -- /  --     
writeIn[63]  INVX1TS            INVX1TS              -- /  --     


               Max Drive      Min Drive      Resistance    Min    Min       Cell
Input Port    Rise    Fall   Rise    Fall   Max     Min    Cap    Fanout    Deg
--------------------------------------------------------------------------------
LayerWriteSelect
              --      --     --      --     --      --     --     --        -- 
WriteAddressSelect[0]
              --      --     --      --     --      --     --     --        -- 
WriteAddressSelect[1]
              --      --     --      --     --      --     --     --        -- 
WriteAddressSelect[2]
              --      --     --      --     --      --     --     --        -- 
WriteAddressSelect[3]
              --      --     --      --     --      --     --     --        -- 
WriteAddressSelect[4]
              --      --     --      --     --      --     --     --        -- 
WriteAddressSelect[5]
              --      --     --      --     --      --     --     --        -- 
WriteAddressSelect[6]
              --      --     --      --     --      --     --     --        -- 
WriteAddressSelect[7]
              --      --     --      --     --      --     --     --        -- 
WriteAddressSelect[8]
              --      --     --      --     --      --     --     --        -- 
WriteAddressSelect[9]
              --      --     --      --     --      --     --     --        -- 
biasWriteEnable
              --      --     --      --     --      --     --     --        -- 
inputPixel    --      --     --      --     --      --     --     --        -- 
inputsInbound
              --      --     --      --     --      --     --     --        -- 
masterClk     --      --     --      --     --      --     --     --        -- 
predictionRecieved
              --      --     --      --     --      --     --     --        -- 
reset         --      --     --      --     --      --     --     --        -- 
weightWriteEnable
              --      --     --      --     --      --     --     --        -- 
writeIn[0]    --      --     --      --     --      --     --     --        -- 
writeIn[1]    --      --     --      --     --      --     --     --        -- 
writeIn[2]    --      --     --      --     --      --     --     --        -- 
writeIn[3]    --      --     --      --     --      --     --     --        -- 
writeIn[4]    --      --     --      --     --      --     --     --        -- 
writeIn[5]    --      --     --      --     --      --     --     --        -- 
writeIn[6]    --      --     --      --     --      --     --     --        -- 
writeIn[7]    --      --     --      --     --      --     --     --        -- 
writeIn[8]    --      --     --      --     --      --     --     --        -- 
writeIn[9]    --      --     --      --     --      --     --     --        -- 
writeIn[10]   --      --     --      --     --      --     --     --        -- 
writeIn[11]   --      --     --      --     --      --     --     --        -- 
writeIn[12]   --      --     --      --     --      --     --     --        -- 
writeIn[13]   --      --     --      --     --      --     --     --        -- 
writeIn[14]   --      --     --      --     --      --     --     --        -- 
writeIn[15]   --      --     --      --     --      --     --     --        -- 
writeIn[16]   --      --     --      --     --      --     --     --        -- 
writeIn[17]   --      --     --      --     --      --     --     --        -- 
writeIn[18]   --      --     --      --     --      --     --     --        -- 
writeIn[19]   --      --     --      --     --      --     --     --        -- 
writeIn[20]   --      --     --      --     --      --     --     --        -- 
writeIn[21]   --      --     --      --     --      --     --     --        -- 
writeIn[22]   --      --     --      --     --      --     --     --        -- 
writeIn[23]   --      --     --      --     --      --     --     --        -- 
writeIn[24]   --      --     --      --     --      --     --     --        -- 
writeIn[25]   --      --     --      --     --      --     --     --        -- 
writeIn[26]   --      --     --      --     --      --     --     --        -- 
writeIn[27]   --      --     --      --     --      --     --     --        -- 
writeIn[28]   --      --     --      --     --      --     --     --        -- 
writeIn[29]   --      --     --      --     --      --     --     --        -- 
writeIn[30]   --      --     --      --     --      --     --     --        -- 
writeIn[31]   --      --     --      --     --      --     --     --        -- 
writeIn[32]   --      --     --      --     --      --     --     --        -- 
writeIn[33]   --      --     --      --     --      --     --     --        -- 
writeIn[34]   --      --     --      --     --      --     --     --        -- 
writeIn[35]   --      --     --      --     --      --     --     --        -- 
writeIn[36]   --      --     --      --     --      --     --     --        -- 
writeIn[37]   --      --     --      --     --      --     --     --        -- 
writeIn[38]   --      --     --      --     --      --     --     --        -- 
writeIn[39]   --      --     --      --     --      --     --     --        -- 
writeIn[40]   --      --     --      --     --      --     --     --        -- 
writeIn[41]   --      --     --      --     --      --     --     --        -- 
writeIn[42]   --      --     --      --     --      --     --     --        -- 
writeIn[43]   --      --     --      --     --      --     --     --        -- 
writeIn[44]   --      --     --      --     --      --     --     --        -- 
writeIn[45]   --      --     --      --     --      --     --     --        -- 
writeIn[46]   --      --     --      --     --      --     --     --        -- 
writeIn[47]   --      --     --      --     --      --     --     --        -- 
writeIn[48]   --      --     --      --     --      --     --     --        -- 
writeIn[49]   --      --     --      --     --      --     --     --        -- 
writeIn[50]   --      --     --      --     --      --     --     --        -- 
writeIn[51]   --      --     --      --     --      --     --     --        -- 
writeIn[52]   --      --     --      --     --      --     --     --        -- 
writeIn[53]   --      --     --      --     --      --     --     --        -- 
writeIn[54]   --      --     --      --     --      --     --     --        -- 
writeIn[55]   --      --     --      --     --      --     --     --        -- 
writeIn[56]   --      --     --      --     --      --     --     --        -- 
writeIn[57]   --      --     --      --     --      --     --     --        -- 
writeIn[58]   --      --     --      --     --      --     --     --        -- 
writeIn[59]   --      --     --      --     --      --     --     --        -- 
writeIn[60]   --      --     --      --     --      --     --     --        -- 
writeIn[61]   --      --     --      --     --      --     --     --        -- 
writeIn[62]   --      --     --      --     --      --     --     --        -- 
writeIn[63]   --      --     --      --     --      --     --     --        -- 


               Max Tran        Min Tran
Input Port    Rise    Fall    Rise    Fall
--------------------------------------------------------------------------------
LayerWriteSelect
              --      --      --      -- 
WriteAddressSelect[0]
              --      --      --      -- 
WriteAddressSelect[1]
              --      --      --      -- 
WriteAddressSelect[2]
              --      --      --      -- 
WriteAddressSelect[3]
              --      --      --      -- 
WriteAddressSelect[4]
              --      --      --      -- 
WriteAddressSelect[5]
              --      --      --      -- 
WriteAddressSelect[6]
              --      --      --      -- 
WriteAddressSelect[7]
              --      --      --      -- 
WriteAddressSelect[8]
              --      --      --      -- 
WriteAddressSelect[9]
              --      --      --      -- 
biasWriteEnable
              --      --      --      -- 
inputPixel    --      --      --      -- 
inputsInbound
              --      --      --      -- 
masterClk     --      --      --      -- 
predictionRecieved
              --      --      --      -- 
reset         --      --      --      -- 
weightWriteEnable
              --      --      --      -- 
writeIn[0]    --      --      --      -- 
writeIn[1]    --      --      --      -- 
writeIn[2]    --      --      --      -- 
writeIn[3]    --      --      --      -- 
writeIn[4]    --      --      --      -- 
writeIn[5]    --      --      --      -- 
writeIn[6]    --      --      --      -- 
writeIn[7]    --      --      --      -- 
writeIn[8]    --      --      --      -- 
writeIn[9]    --      --      --      -- 
writeIn[10]   --      --      --      -- 
writeIn[11]   --      --      --      -- 
writeIn[12]   --      --      --      -- 
writeIn[13]   --      --      --      -- 
writeIn[14]   --      --      --      -- 
writeIn[15]   --      --      --      -- 
writeIn[16]   --      --      --      -- 
writeIn[17]   --      --      --      -- 
writeIn[18]   --      --      --      -- 
writeIn[19]   --      --      --      -- 
writeIn[20]   --      --      --      -- 
writeIn[21]   --      --      --      -- 
writeIn[22]   --      --      --      -- 
writeIn[23]   --      --      --      -- 
writeIn[24]   --      --      --      -- 
writeIn[25]   --      --      --      -- 
writeIn[26]   --      --      --      -- 
writeIn[27]   --      --      --      -- 
writeIn[28]   --      --      --      -- 
writeIn[29]   --      --      --      -- 
writeIn[30]   --      --      --      -- 
writeIn[31]   --      --      --      -- 
writeIn[32]   --      --      --      -- 
writeIn[33]   --      --      --      -- 
writeIn[34]   --      --      --      -- 
writeIn[35]   --      --      --      -- 
writeIn[36]   --      --      --      -- 
writeIn[37]   --      --      --      -- 
writeIn[38]   --      --      --      -- 
writeIn[39]   --      --      --      -- 
writeIn[40]   --      --      --      -- 
writeIn[41]   --      --      --      -- 
writeIn[42]   --      --      --      -- 
writeIn[43]   --      --      --      -- 
writeIn[44]   --      --      --      -- 
writeIn[45]   --      --      --      -- 
writeIn[46]   --      --      --      -- 
writeIn[47]   --      --      --      -- 
writeIn[48]   --      --      --      -- 
writeIn[49]   --      --      --      -- 
writeIn[50]   --      --      --      -- 
writeIn[51]   --      --      --      -- 
writeIn[52]   --      --      --      -- 
writeIn[53]   --      --      --      -- 
writeIn[54]   --      --      --      -- 
writeIn[55]   --      --      --      -- 
writeIn[56]   --      --      --      -- 
writeIn[57]   --      --      --      -- 
writeIn[58]   --      --      --      -- 
writeIn[59]   --      --      --      -- 
writeIn[60]   --      --      --      -- 
writeIn[61]   --      --      --      -- 
writeIn[62]   --      --      --      -- 
writeIn[63]   --      --      --      -- 


                    Output Delay
                  Min             Max      Related  Fanout
Output Port   Rise    Fall    Rise    Fall  Clock     Load
--------------------------------------------------------------------------------
predictionOut[0]
              --      --      --      --      --      0.00
predictionOut[1]
              --      --      --      --      --      0.00
predictionOut[2]
              --      --      --      --      --      0.00
predictionOut[3]
              --      --      --      --      --      0.00
predictionReady
              --      --      --      --      --      0.00
readyForInputs
              --      --      --      --      --      0.00

1
Warning: Design 'NN_Controler' has '3' unresolved references. For more detailed information, use the "link" command. (UID-341)
 
****************************************
Report : compile_options
Design : NN_Controler
Version: J-2014.09-SP2
Date   : Wed Dec 19 16:24:56 2018
****************************************

Design                                   Compile Option         Value
--------------------------------------------------------------------------------
NN_Controler                             flatten                false
                                         structure              true
                                         structure_boolean      false
                                         structure_timing       true
                                         fix_multiple_port_nets feedthroughs
                                                                constants
                                                                outputs
                                                                buffer_constants
                                         isolate_port           disabled
--------------------------------------------------------------------------------
1
Warning: Design 'NN_Controler' has '3' unresolved references. For more detailed information, use the "link" command. (UID-341)
 
****************************************
Report : constraint
        -all_violators
        -verbose
Design : NN_Controler
Version: J-2014.09-SP2
Date   : Wed Dec 19 16:24:56 2018
****************************************


    Design: NN_Controler

    max_area               0.00
  - Current Area          48.96
  ------------------------------
    Slack                -48.96  (VIOLATED)


1
Warning: Design 'NN_Controler' has '3' unresolved references. For more detailed information, use the "link" command. (UID-341)
 
****************************************
Report : timing
        -path full
        -delay max
        -nworst 100
        -max_paths 20
Design : NN_Controler
Version: J-2014.09-SP2
Date   : Wed Dec 19 16:24:56 2018
****************************************

Operating Conditions: tt_1p2v_25c   Library: scx3_cmos8rf_lpvt_tt_1p2v_25c
Wire Load Model Mode: top

  Startpoint: Layer2/outputsReady (internal pin)
  Endpoint: predictionReady
            (output port)
  Path Group: (none)
  Path Type: max

  Point                                                   Incr       Path
  --------------------------------------------------------------------------
  Layer2/outputsReady (Layer2_Controller)                 0.00       0.00 r
  predictionReady (out)                                   0.00       0.00 r
  data arrival time                                                  0.00
  --------------------------------------------------------------------------
  (Path is unconstrained)


  Startpoint: InputLayer/readyForInputs (internal pin)
  Endpoint: readyForInputs
            (output port)
  Path Group: (none)
  Path Type: max

  Point                                                   Incr       Path
  --------------------------------------------------------------------------
  InputLayer/readyForInputs (InputLayerController)        0.00       0.00 r
  readyForInputs (out)                                    0.00       0.00 r
  data arrival time                                                  0.00
  --------------------------------------------------------------------------
  (Path is unconstrained)


  Startpoint: Layer2/predictionOutput[3] (internal pin)
  Endpoint: predictionOut[3]
            (output port)
  Path Group: (none)
  Path Type: max

  Point                                                   Incr       Path
  --------------------------------------------------------------------------
  Layer2/predictionOutput[3] (Layer2_Controller)          0.00       0.00 r
  predictionOut[3] (out)                                  0.00       0.00 r
  data arrival time                                                  0.00
  --------------------------------------------------------------------------
  (Path is unconstrained)


  Startpoint: Layer2/predictionOutput[2] (internal pin)
  Endpoint: predictionOut[2]
            (output port)
  Path Group: (none)
  Path Type: max

  Point                                                   Incr       Path
  --------------------------------------------------------------------------
  Layer2/predictionOutput[2] (Layer2_Controller)          0.00       0.00 r
  predictionOut[2] (out)                                  0.00       0.00 r
  data arrival time                                                  0.00
  --------------------------------------------------------------------------
  (Path is unconstrained)


  Startpoint: Layer2/predictionOutput[1] (internal pin)
  Endpoint: predictionOut[1]
            (output port)
  Path Group: (none)
  Path Type: max

  Point                                                   Incr       Path
  --------------------------------------------------------------------------
  Layer2/predictionOutput[1] (Layer2_Controller)          0.00       0.00 r
  predictionOut[1] (out)                                  0.00       0.00 r
  data arrival time                                                  0.00
  --------------------------------------------------------------------------
  (Path is unconstrained)


  Startpoint: Layer2/predictionOutput[0] (internal pin)
  Endpoint: predictionOut[0]
            (output port)
  Path Group: (none)
  Path Type: max

  Point                                                   Incr       Path
  --------------------------------------------------------------------------
  Layer2/predictionOutput[0] (Layer2_Controller)          0.00       0.00 r
  predictionOut[0] (out)                                  0.00       0.00 r
  data arrival time                                                  0.00
  --------------------------------------------------------------------------
  (Path is unconstrained)


  Startpoint: Layer2/outputsReady (internal pin)
  Endpoint: predictionReady
            (output port)
  Path Group: (none)
  Path Type: max

  Point                                                   Incr       Path
  --------------------------------------------------------------------------
  Layer2/outputsReady (Layer2_Controller)                 0.00       0.00 f
  predictionReady (out)                                   0.00       0.00 f
  data arrival time                                                  0.00
  --------------------------------------------------------------------------
  (Path is unconstrained)


  Startpoint: InputLayer/readyForInputs (internal pin)
  Endpoint: readyForInputs
            (output port)
  Path Group: (none)
  Path Type: max

  Point                                                   Incr       Path
  --------------------------------------------------------------------------
  InputLayer/readyForInputs (InputLayerController)        0.00       0.00 f
  readyForInputs (out)                                    0.00       0.00 f
  data arrival time                                                  0.00
  --------------------------------------------------------------------------
  (Path is unconstrained)


  Startpoint: Layer2/predictionOutput[3] (internal pin)
  Endpoint: predictionOut[3]
            (output port)
  Path Group: (none)
  Path Type: max

  Point                                                   Incr       Path
  --------------------------------------------------------------------------
  Layer2/predictionOutput[3] (Layer2_Controller)          0.00       0.00 f
  predictionOut[3] (out)                                  0.00       0.00 f
  data arrival time                                                  0.00
  --------------------------------------------------------------------------
  (Path is unconstrained)


  Startpoint: Layer2/predictionOutput[2] (internal pin)
  Endpoint: predictionOut[2]
            (output port)
  Path Group: (none)
  Path Type: max

  Point                                                   Incr       Path
  --------------------------------------------------------------------------
  Layer2/predictionOutput[2] (Layer2_Controller)          0.00       0.00 f
  predictionOut[2] (out)                                  0.00       0.00 f
  data arrival time                                                  0.00
  --------------------------------------------------------------------------
  (Path is unconstrained)


  Startpoint: Layer2/predictionOutput[1] (internal pin)
  Endpoint: predictionOut[1]
            (output port)
  Path Group: (none)
  Path Type: max

  Point                                                   Incr       Path
  --------------------------------------------------------------------------
  Layer2/predictionOutput[1] (Layer2_Controller)          0.00       0.00 f
  predictionOut[1] (out)                                  0.00       0.00 f
  data arrival time                                                  0.00
  --------------------------------------------------------------------------
  (Path is unconstrained)


  Startpoint: Layer2/predictionOutput[0] (internal pin)
  Endpoint: predictionOut[0]
            (output port)
  Path Group: (none)
  Path Type: max

  Point                                                   Incr       Path
  --------------------------------------------------------------------------
  Layer2/predictionOutput[0] (Layer2_Controller)          0.00       0.00 f
  predictionOut[0] (out)                                  0.00       0.00 f
  data arrival time                                                  0.00
  --------------------------------------------------------------------------
  (Path is unconstrained)


1
