 
****************************************
Report : timing
        -path end
        -delay max
        -max_paths 10000
        -sort_by slack
Design : ReluNodeQueue
Version: J-2014.09-SP2
Date   : Thu Dec 20 12:07:08 2018
****************************************

Operating Conditions: tt_1p2v_25c   Library: scx3_cmos8rf_lpvt_tt_1p2v_25c
Wire Load Model Mode: top

Endpoint                         Path Delay     Path Required     Slack
------------------------------------------------------------------------
indexOut[1] (out)                   0.83 f        infinity     infinity
NodeValueOut[0] (out)               0.83 f        infinity     infinity
NodeValueOut[3] (out)               0.82 f        infinity     infinity
NodeValueOut[2] (out)               0.82 f        infinity     infinity
NodeValueOut[1] (out)               0.82 f        infinity     infinity
indexOut[2] (out)                   0.82 f        infinity     infinity
indexOut[0] (out)                   0.82 f        infinity     infinity

1
